[debug] [2022-09-11T19:50:54.315Z] ----------------------------------------------------------------------
[debug] [2022-09-11T19:50:54.317Z] Command:       C:\Program Files\nodejs\node.exe C:\Users\ebarreto\AppData\Roaming\npm\node_modules\firebase-tools\lib\bin\firebase.js emulators:start --only functions
[debug] [2022-09-11T19:50:54.317Z] CLI Version:   10.9.2
[debug] [2022-09-11T19:50:54.317Z] Platform:      win32
[debug] [2022-09-11T19:50:54.317Z] Node Version:  v14.17.3
[debug] [2022-09-11T19:50:54.321Z] Time:          Sun Sep 11 2022 16:50:54 GMT-0300 (Horário Padrão de Brasília)
[debug] [2022-09-11T19:50:54.321Z] ----------------------------------------------------------------------
[debug] 
[debug] [2022-09-11T19:50:54.331Z] >>> [apiv2][query] GET https://firebase-public.firebaseio.com/cli.json [none]
[debug] [2022-09-11T19:50:54.458Z] > command requires scopes: ["email","openid","https://www.googleapis.com/auth/cloudplatformprojects.readonly","https://www.googleapis.com/auth/firebase","https://www.googleapis.com/auth/cloud-platform"]
[debug] [2022-09-11T19:50:54.459Z] > authorizing via signed-in user (eliabeljunior@gmail.com)
[info] i  emulators: Starting emulators: functions {"metadata":{"emulator":{"name":"hub"},"message":"Starting emulators: functions"}}
[debug] [2022-09-11T19:50:55.662Z] [hub] writing locator at C:\Users\ebarreto\AppData\Local\Temp\hub-cariota-b56d7.json
[warn] !  functions: The following emulators are not running, calls to these services from the Functions emulator will affect production: auth, firestore, database, hosting, pubsub, storage {"metadata":{"emulator":{"name":"functions"},"message":"The following emulators are not running, calls to these services from the Functions emulator will affect production: \u001b[1mauth, firestore, database, hosting, pubsub, storage\u001b[22m"}}
[info] +  functions: Using node@14 from host. {"metadata":{"emulator":{"name":"functions"},"message":"Using node@14 from host."}}
[debug] [2022-09-11T19:50:55.712Z] defaultcredentials: writing to file C:\Users\ebarreto\AppData\Roaming\firebase\eliabeljunior_gmail_com_application_default_credentials.json
[debug] [2022-09-11T19:50:55.719Z] Setting GAC to C:\Users\ebarreto\AppData\Roaming\firebase\eliabeljunior_gmail_com_application_default_credentials.json {"metadata":{"emulator":{"name":"functions"},"message":"Setting GAC to C:\\Users\\ebarreto\\AppData\\Roaming\\firebase\\eliabeljunior_gmail_com_application_default_credentials.json"}}
[debug] [2022-09-11T19:50:55.722Z] > refreshing access token with scopes: []
[debug] [2022-09-11T19:50:55.723Z] >>> HTTP REQUEST POST https://www.googleapis.com/oauth2/v3/token  
 <request body omitted>
[debug] [2022-09-11T19:50:55.942Z] <<< HTTP RESPONSE 200 {"expires":"Mon, 01 Jan 1990 00:00:00 GMT","cache-control":"no-cache, no-store, max-age=0, must-revalidate","pragma":"no-cache","date":"Sun, 11 Sep 2022 19:50:55 GMT","content-type":"application/json; charset=utf-8","vary":"X-Origin, Referer, Origin,Accept-Encoding","server":"scaffolding on HTTPServer2","x-xss-protection":"0","x-frame-options":"SAMEORIGIN","x-content-type-options":"nosniff","alt-svc":"h3=\":443\"; ma=2592000,h3-29=\":443\"; ma=2592000,h3-Q050=\":443\"; ma=2592000,h3-Q046=\":443\"; ma=2592000,h3-Q043=\":443\"; ma=2592000,quic=\":443\"; ma=2592000; v=\"46,43\"","accept-ranges":"none","transfer-encoding":"chunked"}
[debug] [2022-09-11T19:50:55.981Z] >>> [apiv2][query] GET https://firebase.googleapis.com/v1beta1/projects/cariota-b56d7/adminSdkConfig [none]
[debug] [2022-09-11T19:50:56.005Z] <<< [apiv2][status] GET https://firebase-public.firebaseio.com/cli.json 200
[debug] [2022-09-11T19:50:56.005Z] <<< [apiv2][body] GET https://firebase-public.firebaseio.com/cli.json {"cloudBuildErrorAfter":1594252800000,"cloudBuildWarnAfter":1590019200000,"defaultNode10After":1594252800000,"minVersion":"3.0.5","node8DeploysDisabledAfter":1613390400000,"node8RuntimeDisabledAfter":1615809600000,"node8WarnAfter":1600128000000}
[debug] [2022-09-11T19:50:57.019Z] <<< [apiv2][status] GET https://firebase.googleapis.com/v1beta1/projects/cariota-b56d7/adminSdkConfig 200
[debug] [2022-09-11T19:50:57.019Z] <<< [apiv2][body] GET https://firebase.googleapis.com/v1beta1/projects/cariota-b56d7/adminSdkConfig {"projectId":"cariota-b56d7","storageBucket":"cariota-b56d7.appspot.com","locationId":"us-central"}
[warn] !  emulators: The Emulator UI requires a project ID to start. Configure your default project with 'firebase use' or pass the --project flag. {"metadata":{"emulator":{"name":"hub"},"message":"The Emulator UI requires a project ID to start. Configure your default project with 'firebase use' or pass the --project flag."}}
[info] i  functions: Watching "C:\Users\ebarreto\Desktop\cariota.org.frontend\functions" for Cloud Functions... {"metadata":{"emulator":{"name":"functions"},"message":"Watching \"C:\\Users\\ebarreto\\Desktop\\cariota.org.frontend\\functions\" for Cloud Functions..."}}
[debug] [2022-09-11T19:50:57.312Z] Validating nodejs source
[warn] !  functions: package.json indicates an outdated version of firebase-functions. Please upgrade using npm install --save firebase-functions@latest in your functions directory. 
[debug] [2022-09-11T19:51:08.536Z] > [functions] package.json contents: {
  "name": "functions",
  "description": "Cloud Functions for Firebase",
  "scripts": {
    "serve": "firebase emulators:start --only functions",
    "shell": "firebase functions:shell",
    "start": "npm run shell",
    "deploy": "firebase deploy --only functions",
    "logs": "firebase functions:log"
  },
  "engines": {
    "node": "14"
  },
  "main": "./src/index.js",
  "dependencies": {
    "@iota/client": "^2.2.4",
    "axios": "^0.27.2",
    "cors": "^2.8.5",
    "express": "^4.18.1",
    "firebase-admin": "^10.0.2",
    "firebase-functions": "^3.22.0"
  },
  "devDependencies": {
    "firebase-functions-test": "^0.2.0"
  },
  "private": true
}
[debug] [2022-09-11T19:51:08.537Z] Building nodejs source
[debug] [2022-09-11T19:51:08.537Z] Analyzing nodejs backend spec
[debug] [2022-09-11T19:51:08.541Z] Could not find functions.yaml. Must use http discovery
[debug] [2022-09-11T19:51:10.297Z] Serving at port 9005

[debug] [2022-09-11T19:51:14.177Z] Got response from /__/functions.yaml {"endpoints":{"main":{"platform":"gcfv1","httpsTrigger":{},"entryPoint":"main"}},"specVersion":"v1alpha1","requiredAPIs":[]}
[debug] [2022-09-11T19:51:14.187Z] shutdown requested via /__/quitquitquit

[info] +  functions[us-central1-main]: http function initialized (http://localhost:5001/cariota-b56d7/us-central1/main). {"metadata":{"emulator":{"name":"functions"},"message":"\u001b[1mhttp\u001b[22m function initialized (http://localhost:5001/cariota-b56d7/us-central1/main)."}}
[info] 
┌─────────────────────────────────────────────────────────────┐
│ ✔  All emulators ready! It is now safe to connect your app. │
└─────────────────────────────────────────────────────────────┘

┌───────────┬────────────────┐
│ Emulator  │ Host:Port      │
├───────────┼────────────────┤
│ Functions │ localhost:5001 │
└───────────┴────────────────┘
  Emulator Hub running at localhost:4400
  Other reserved ports: 4500

Issues? Report them at https://github.com/firebase/firebase-tools/issues and attach the *-debug.log files.
 
[debug] [2022-09-11T19:51:22.601Z] [work-queue] {"queueLength":1,"workRunningCount":0}
[debug] [2022-09-11T19:51:22.602Z] [work-queue] {"queueLength":0,"workRunningCount":1}
[debug] [2022-09-11T19:51:22.602Z] Accepted request POST /cariota-b56d7/us-central1/main/api/v1/iota/balance --> us-central1-main
[debug] [2022-09-11T19:51:22.623Z] [worker-pool] addWorker(us-central1-main) {"metadata":{"emulator":{"name":"functions"},"message":"[worker-pool] addWorker(us-central1-main)"}}
[debug] [2022-09-11T19:51:22.623Z] [worker-pool] Adding worker with key us-central1-main, total=1 {"metadata":{"emulator":{"name":"functions"},"message":"[worker-pool] Adding worker with key us-central1-main, total=1"}}
[debug] [2022-09-11T19:51:22.623Z] [worker-pool] submitWork(triggerId=us-central1-main) {"metadata":{"emulator":{"name":"functions"},"message":"[worker-pool] submitWork(triggerId=us-central1-main)"}}
[debug] [2022-09-11T19:51:22.624Z] [worker-us-central1-main-081423cc-8640-4176-82ec-e82df195cdab]: Assigning socketPath: \\?\pipe\C:\Users\ebarreto\Desktop\cariota.org.frontend\functions\13904 {"metadata":{"emulator":{"name":"functions"},"message":"[worker-us-central1-main-081423cc-8640-4176-82ec-e82df195cdab]: Assigning socketPath: \\\\?\\pipe\\C:\\Users\\ebarreto\\Desktop\\cariota.org.frontend\\functions\\13904"}}
[debug] [2022-09-11T19:51:22.624Z] [worker-us-central1-main-081423cc-8640-4176-82ec-e82df195cdab]: BUSY {"metadata":{"emulator":{"name":"functions"},"message":"[worker-us-central1-main-081423cc-8640-4176-82ec-e82df195cdab]: BUSY"}}
[debug] [2022-09-11T19:51:30.634Z] [runtime-status] [13904] Functions runtime initialized. {"cwd":"C:\\Users\\ebarreto\\Desktop\\cariota.org.frontend\\functions","node_version":"14.17.3"} {"metadata":{"emulator":{"name":"functions"},"function":{"name":"us-central1-main"},"extension":{},"message":"[runtime-status] [13904] Functions runtime initialized. {\"cwd\":\"C:\\\\Users\\\\ebarreto\\\\Desktop\\\\cariota.org.frontend\\\\functions\",\"node_version\":\"14.17.3\"}"}}
[debug] [2022-09-11T19:51:30.638Z] [runtime-status] [13904] Disabled runtime features: undefined {"metadata":{"emulator":{"name":"functions"},"function":{"name":"us-central1-main"},"extension":{},"message":"[runtime-status] [13904] Disabled runtime features: undefined"}}
[debug] [2022-09-11T19:51:30.646Z] [runtime-status] [13904] Resolved module firebase-admin {"declared":true,"installed":true,"version":"10.3.0","resolution":"C:\\Users\\ebarreto\\Desktop\\cariota.org.frontend\\functions\\node_modules\\firebase-admin\\lib\\index.js"} {"metadata":{"emulator":{"name":"functions"},"function":{"name":"us-central1-main"},"extension":{},"message":"[runtime-status] [13904] Resolved module firebase-admin {\"declared\":true,\"installed\":true,\"version\":\"10.3.0\",\"resolution\":\"C:\\\\Users\\\\ebarreto\\\\Desktop\\\\cariota.org.frontend\\\\functions\\\\node_modules\\\\firebase-admin\\\\lib\\\\index.js\"}"}}
[debug] [2022-09-11T19:51:30.650Z] [runtime-status] [13904] Resolved module firebase-functions {"declared":true,"installed":true,"version":"3.22.0","resolution":"C:\\Users\\ebarreto\\Desktop\\cariota.org.frontend\\functions\\node_modules\\firebase-functions\\lib\\index.js"} {"metadata":{"emulator":{"name":"functions"},"function":{"name":"us-central1-main"},"extension":{},"message":"[runtime-status] [13904] Resolved module firebase-functions {\"declared\":true,\"installed\":true,\"version\":\"3.22.0\",\"resolution\":\"C:\\\\Users\\\\ebarreto\\\\Desktop\\\\cariota.org.frontend\\\\functions\\\\node_modules\\\\firebase-functions\\\\lib\\\\index.js\"}"}}
[debug] [2022-09-11T19:51:30.651Z] [runtime-status] [13904] Outgoing network have been stubbed. [{"name":"http","status":"mocked"},{"name":"http","status":"mocked"},{"name":"https","status":"mocked"},{"name":"https","status":"mocked"},{"name":"net","status":"mocked"}] {"metadata":{"emulator":{"name":"functions"},"function":{"name":"us-central1-main"},"extension":{},"message":"[runtime-status] [13904] Outgoing network have been stubbed. [{\"name\":\"http\",\"status\":\"mocked\"},{\"name\":\"http\",\"status\":\"mocked\"},{\"name\":\"https\",\"status\":\"mocked\"},{\"name\":\"https\",\"status\":\"mocked\"},{\"name\":\"net\",\"status\":\"mocked\"}]"}}
[debug] [2022-09-11T19:51:30.655Z] [runtime-status] [13904] Resolved module firebase-functions {"declared":true,"installed":true,"version":"3.22.0","resolution":"C:\\Users\\ebarreto\\Desktop\\cariota.org.frontend\\functions\\node_modules\\firebase-functions\\lib\\index.js"} {"metadata":{"emulator":{"name":"functions"},"function":{"name":"us-central1-main"},"extension":{},"message":"[runtime-status] [13904] Resolved module firebase-functions {\"declared\":true,\"installed\":true,\"version\":\"3.22.0\",\"resolution\":\"C:\\\\Users\\\\ebarreto\\\\Desktop\\\\cariota.org.frontend\\\\functions\\\\node_modules\\\\firebase-functions\\\\lib\\\\index.js\"}"}}
[debug] [2022-09-11T19:51:30.769Z] [runtime-status] [13904] Checked functions.config() {"config":{}} {"metadata":{"emulator":{"name":"functions"},"function":{"name":"us-central1-main"},"extension":{},"message":"[runtime-status] [13904] Checked functions.config() {\"config\":{}}"}}
[debug] [2022-09-11T19:51:30.769Z] [runtime-status] [13904] firebase-functions has been stubbed. {"functionsResolution":{"declared":true,"installed":true,"version":"3.22.0","resolution":"C:\\Users\\ebarreto\\Desktop\\cariota.org.frontend\\functions\\node_modules\\firebase-functions\\lib\\index.js"}} {"metadata":{"emulator":{"name":"functions"},"function":{"name":"us-central1-main"},"extension":{},"message":"[runtime-status] [13904] firebase-functions has been stubbed. {\"functionsResolution\":{\"declared\":true,\"installed\":true,\"version\":\"3.22.0\",\"resolution\":\"C:\\\\Users\\\\ebarreto\\\\Desktop\\\\cariota.org.frontend\\\\functions\\\\node_modules\\\\firebase-functions\\\\lib\\\\index.js\"}}"}}
[debug] [2022-09-11T19:51:30.773Z] [runtime-status] [13904] Resolved module firebase-functions {"declared":true,"installed":true,"version":"3.22.0","resolution":"C:\\Users\\ebarreto\\Desktop\\cariota.org.frontend\\functions\\node_modules\\firebase-functions\\lib\\index.js"} {"metadata":{"emulator":{"name":"functions"},"function":{"name":"us-central1-main"},"extension":{},"message":"[runtime-status] [13904] Resolved module firebase-functions {\"declared\":true,\"installed\":true,\"version\":\"3.22.0\",\"resolution\":\"C:\\\\Users\\\\ebarreto\\\\Desktop\\\\cariota.org.frontend\\\\functions\\\\node_modules\\\\firebase-functions\\\\lib\\\\index.js\"}"}}
[debug] [2022-09-11T19:51:30.778Z] [runtime-status] [13904] Resolved module firebase-admin {"declared":true,"installed":true,"version":"10.3.0","resolution":"C:\\Users\\ebarreto\\Desktop\\cariota.org.frontend\\functions\\node_modules\\firebase-admin\\lib\\index.js"} {"metadata":{"emulator":{"name":"functions"},"function":{"name":"us-central1-main"},"extension":{},"message":"[runtime-status] [13904] Resolved module firebase-admin {\"declared\":true,\"installed\":true,\"version\":\"10.3.0\",\"resolution\":\"C:\\\\Users\\\\ebarreto\\\\Desktop\\\\cariota.org.frontend\\\\functions\\\\node_modules\\\\firebase-admin\\\\lib\\\\index.js\"}"}}
[debug] [2022-09-11T19:51:30.780Z] [runtime-status] [13904] Resolved module firebase-functions {"declared":true,"installed":true,"version":"3.22.0","resolution":"C:\\Users\\ebarreto\\Desktop\\cariota.org.frontend\\functions\\node_modules\\firebase-functions\\lib\\index.js"} {"metadata":{"emulator":{"name":"functions"},"function":{"name":"us-central1-main"},"extension":{},"message":"[runtime-status] [13904] Resolved module firebase-functions {\"declared\":true,\"installed\":true,\"version\":\"3.22.0\",\"resolution\":\"C:\\\\Users\\\\ebarreto\\\\Desktop\\\\cariota.org.frontend\\\\functions\\\\node_modules\\\\firebase-functions\\\\lib\\\\index.js\"}"}}
[debug] [2022-09-11T19:51:30.781Z] [runtime-status] [13904] firebase-admin has been stubbed. {"adminResolution":{"declared":true,"installed":true,"version":"10.3.0","resolution":"C:\\Users\\ebarreto\\Desktop\\cariota.org.frontend\\functions\\node_modules\\firebase-admin\\lib\\index.js"}} {"metadata":{"emulator":{"name":"functions"},"function":{"name":"us-central1-main"},"extension":{},"message":"[runtime-status] [13904] firebase-admin has been stubbed. {\"adminResolution\":{\"declared\":true,\"installed\":true,\"version\":\"10.3.0\",\"resolution\":\"C:\\\\Users\\\\ebarreto\\\\Desktop\\\\cariota.org.frontend\\\\functions\\\\node_modules\\\\firebase-admin\\\\lib\\\\index.js\"}}"}}
[warn] !  It looks like you're trying to access functions.config().firebase but there is no value there. You can learn more about setting up config here: https://firebase.google.com/docs/functions/local-emulator {"metadata":{"emulator":{"name":"functions"},"function":{"name":"us-central1-main"},"extension":{},"message":"It looks like you're trying to access functions.config().firebase but there is no value there. You can learn more about setting up config here: https://firebase.google.com/docs/functions/local-emulator"}}
[debug] [2022-09-11T19:51:31.169Z] [runtime-status] [13904] initializeApp(DEFAULT) {"storageBucket":"cariota-b56d7.appspot.com","projectId":"cariota-b56d7"} {"metadata":{"emulator":{"name":"functions"},"function":{"name":"us-central1-main"},"extension":{},"message":"[runtime-status] [13904] initializeApp(DEFAULT) {\"storageBucket\":\"cariota-b56d7.appspot.com\",\"projectId\":\"cariota-b56d7\"}"}}
[warn] !  functions: The Cloud Firestore emulator is not running, so calls to Firestore will affect production. {"metadata":{"emulator":{"name":"functions"},"function":{"name":"us-central1-main"},"extension":{},"message":"The Cloud Firestore emulator is not running, so calls to Firestore will affect production."}}
[debug] [2022-09-11T19:51:33.739Z] [runtime-status] [13904] Beginning invocation function main! {"metadata":{"emulator":{"name":"functions"},"function":{"name":"us-central1-main"},"extension":{},"message":"[runtime-status] [13904] Beginning invocation function main!"}}
[info] i  functions: Beginning execution of "main" {"metadata":{"emulator":{"name":"functions"},"function":{"name":"us-central1-main"},"extension":{},"message":"Beginning execution of \"main\""}}
[debug] [2022-09-11T19:51:33.741Z] [runtime-status] [13904] Running main in signature http {"metadata":{"emulator":{"name":"functions"},"function":{"name":"us-central1-main"},"extension":{},"message":"[runtime-status] [13904] Running main in signature http"}}
[debug] [2022-09-11T19:51:33.750Z] [runtime-status] [13904] Attempting to listen to socketPath: \\?\pipe\C:\Users\ebarreto\Desktop\cariota.org.frontend\functions\13904 {"metadata":{"emulator":{"name":"functions"},"function":{"name":"us-central1-main"},"extension":{},"message":"[runtime-status] [13904] Attempting to listen to socketPath: \\\\?\\pipe\\C:\\Users\\ebarreto\\Desktop\\cariota.org.frontend\\functions\\13904"}}
[debug] [2022-09-11T19:51:33.761Z] [functions] Runtime ready! Sending request! {"metadata":{"emulator":{"name":"functions"},"message":"[functions] Runtime ready! Sending request!"}}
[debug] [2022-09-11T19:51:33.762Z] [functions] Got req.url=/cariota-b56d7/us-central1/main/api/v1/iota/balance, mapping to path=/api/v1/iota/balance {"metadata":{"emulator":{"name":"functions"},"message":"[functions] Got req.url=/cariota-b56d7/us-central1/main/api/v1/iota/balance, mapping to path=/api/v1/iota/balance"}}
[debug] [2022-09-11T19:51:33.902Z] [runtime-status] [13904] Ephemeral server handling POST request {"metadata":{"emulator":{"name":"functions"},"function":{"name":"us-central1-main"},"extension":{},"message":"[runtime-status] [13904] Ephemeral server handling POST request"}}
[debug] [2022-09-11T19:51:33.911Z] [runtime-status] [13904] Ephemeral server survived. {"metadata":{"emulator":{"name":"functions"},"function":{"name":"us-central1-main"},"extension":{},"message":"[runtime-status] [13904] Ephemeral server survived."}}
[warn] !  Google API requested!
   - URL: "https://oauth2.googleapis.com/token"
   - Be careful, this may be a production service. {"metadata":{"emulator":{"name":"functions"},"function":{"name":"us-central1-main"},"extension":{},"message":"Google API requested!\n   - URL: \"https://oauth2.googleapis.com/token\"\n   - Be careful, this may be a production service."}}
[info] i  functions: Finished "main" in ~2s {"metadata":{"emulator":{"name":"functions"},"function":{"name":"us-central1-main"},"extension":{},"message":"Finished \"main\" in ~2s"}}
[debug] [2022-09-11T19:51:38.131Z] [worker-us-central1-main-081423cc-8640-4176-82ec-e82df195cdab]: IDLE {"metadata":{"emulator":{"name":"functions"},"message":"[worker-us-central1-main-081423cc-8640-4176-82ec-e82df195cdab]: IDLE"}}
[debug] [2022-09-11T19:51:38.132Z] [work-queue] {"queueLength":0,"workRunningCount":0}
[debug] [2022-09-11T19:51:46.491Z] [work-queue] {"queueLength":1,"workRunningCount":0}
[debug] [2022-09-11T19:51:46.491Z] [work-queue] {"queueLength":0,"workRunningCount":1}
[debug] [2022-09-11T19:51:46.491Z] Accepted request POST /cariota-b56d7/us-central1/main/api/v1/iota/balance --> us-central1-main
[debug] [2022-09-11T19:51:46.491Z] [worker-pool] submitWork(triggerId=us-central1-main) {"metadata":{"emulator":{"name":"functions"},"message":"[worker-pool] submitWork(triggerId=us-central1-main)"}}
[debug] [2022-09-11T19:51:46.491Z] [worker-us-central1-main-081423cc-8640-4176-82ec-e82df195cdab]: Assigning socketPath: \\?\pipe\C:\Users\ebarreto\Desktop\cariota.org.frontend\functions\13904 {"metadata":{"emulator":{"name":"functions"},"message":"[worker-us-central1-main-081423cc-8640-4176-82ec-e82df195cdab]: Assigning socketPath: \\\\?\\pipe\\C:\\Users\\ebarreto\\Desktop\\cariota.org.frontend\\functions\\13904"}}
[debug] [2022-09-11T19:51:46.491Z] [worker-us-central1-main-081423cc-8640-4176-82ec-e82df195cdab]: BUSY {"metadata":{"emulator":{"name":"functions"},"message":"[worker-us-central1-main-081423cc-8640-4176-82ec-e82df195cdab]: BUSY"}}
[debug] [2022-09-11T19:51:46.492Z] [runtime-status] [13904] Beginning invocation function main! {"metadata":{"emulator":{"name":"functions"},"function":{"name":"us-central1-main"},"extension":{},"message":"[runtime-status] [13904] Beginning invocation function main!"}}
[info] i  functions: Beginning execution of "main" {"metadata":{"emulator":{"name":"functions"},"function":{"name":"us-central1-main"},"extension":{},"message":"Beginning execution of \"main\""}}
[debug] [2022-09-11T19:51:46.493Z] [runtime-status] [13904] Running main in signature http {"metadata":{"emulator":{"name":"functions"},"function":{"name":"us-central1-main"},"extension":{},"message":"[runtime-status] [13904] Running main in signature http"}}
[debug] [2022-09-11T19:51:46.493Z] [runtime-status] [13904] Attempting to listen to socketPath: \\?\pipe\C:\Users\ebarreto\Desktop\cariota.org.frontend\functions\13904 {"metadata":{"emulator":{"name":"functions"},"function":{"name":"us-central1-main"},"extension":{},"message":"[runtime-status] [13904] Attempting to listen to socketPath: \\\\?\\pipe\\C:\\Users\\ebarreto\\Desktop\\cariota.org.frontend\\functions\\13904"}}
[debug] [2022-09-11T19:51:46.496Z] [functions] Runtime ready! Sending request! {"metadata":{"emulator":{"name":"functions"},"message":"[functions] Runtime ready! Sending request!"}}
[debug] [2022-09-11T19:51:46.497Z] [functions] Got req.url=/cariota-b56d7/us-central1/main/api/v1/iota/balance, mapping to path=/api/v1/iota/balance {"metadata":{"emulator":{"name":"functions"},"message":"[functions] Got req.url=/cariota-b56d7/us-central1/main/api/v1/iota/balance, mapping to path=/api/v1/iota/balance"}}
[debug] [2022-09-11T19:51:46.500Z] [runtime-status] [13904] Ephemeral server handling POST request {"metadata":{"emulator":{"name":"functions"},"function":{"name":"us-central1-main"},"extension":{},"message":"[runtime-status] [13904] Ephemeral server handling POST request"}}
[debug] [2022-09-11T19:51:46.503Z] [runtime-status] [13904] Ephemeral server survived. {"metadata":{"emulator":{"name":"functions"},"function":{"name":"us-central1-main"},"extension":{},"message":"[runtime-status] [13904] Ephemeral server survived."}}
[info] i  functions: Finished "main" in ~1s {"metadata":{"emulator":{"name":"functions"},"function":{"name":"us-central1-main"},"extension":{},"message":"Finished \"main\" in ~1s"}}
[debug] [2022-09-11T19:51:46.505Z] [worker-us-central1-main-081423cc-8640-4176-82ec-e82df195cdab]: IDLE {"metadata":{"emulator":{"name":"functions"},"message":"[worker-us-central1-main-081423cc-8640-4176-82ec-e82df195cdab]: IDLE"}}
[debug] [2022-09-11T19:51:46.505Z] [work-queue] {"queueLength":0,"workRunningCount":0}
[debug] [2022-09-11T19:52:06.916Z] [work-queue] {"queueLength":1,"workRunningCount":0}
[debug] [2022-09-11T19:52:06.916Z] [work-queue] {"queueLength":0,"workRunningCount":1}
[debug] [2022-09-11T19:52:06.916Z] Accepted request POST /cariota-b56d7/us-central1/main/api/v1/iota/balance --> us-central1-main
[debug] [2022-09-11T19:52:06.916Z] [worker-pool] submitWork(triggerId=us-central1-main) {"metadata":{"emulator":{"name":"functions"},"message":"[worker-pool] submitWork(triggerId=us-central1-main)"}}
[debug] [2022-09-11T19:52:06.916Z] [worker-us-central1-main-081423cc-8640-4176-82ec-e82df195cdab]: Assigning socketPath: \\?\pipe\C:\Users\ebarreto\Desktop\cariota.org.frontend\functions\13904 {"metadata":{"emulator":{"name":"functions"},"message":"[worker-us-central1-main-081423cc-8640-4176-82ec-e82df195cdab]: Assigning socketPath: \\\\?\\pipe\\C:\\Users\\ebarreto\\Desktop\\cariota.org.frontend\\functions\\13904"}}
[debug] [2022-09-11T19:52:06.916Z] [worker-us-central1-main-081423cc-8640-4176-82ec-e82df195cdab]: BUSY {"metadata":{"emulator":{"name":"functions"},"message":"[worker-us-central1-main-081423cc-8640-4176-82ec-e82df195cdab]: BUSY"}}
[debug] [2022-09-11T19:52:06.917Z] [runtime-status] [13904] Beginning invocation function main! {"metadata":{"emulator":{"name":"functions"},"function":{"name":"us-central1-main"},"extension":{},"message":"[runtime-status] [13904] Beginning invocation function main!"}}
[info] i  functions: Beginning execution of "main" {"metadata":{"emulator":{"name":"functions"},"function":{"name":"us-central1-main"},"extension":{},"message":"Beginning execution of \"main\""}}
[debug] [2022-09-11T19:52:06.918Z] [runtime-status] [13904] Running main in signature http {"metadata":{"emulator":{"name":"functions"},"function":{"name":"us-central1-main"},"extension":{},"message":"[runtime-status] [13904] Running main in signature http"}}
[debug] [2022-09-11T19:52:06.918Z] [runtime-status] [13904] Attempting to listen to socketPath: \\?\pipe\C:\Users\ebarreto\Desktop\cariota.org.frontend\functions\13904 {"metadata":{"emulator":{"name":"functions"},"function":{"name":"us-central1-main"},"extension":{},"message":"[runtime-status] [13904] Attempting to listen to socketPath: \\\\?\\pipe\\C:\\Users\\ebarreto\\Desktop\\cariota.org.frontend\\functions\\13904"}}
[debug] [2022-09-11T19:52:06.920Z] [functions] Runtime ready! Sending request! {"metadata":{"emulator":{"name":"functions"},"message":"[functions] Runtime ready! Sending request!"}}
[debug] [2022-09-11T19:52:06.920Z] [functions] Got req.url=/cariota-b56d7/us-central1/main/api/v1/iota/balance, mapping to path=/api/v1/iota/balance {"metadata":{"emulator":{"name":"functions"},"message":"[functions] Got req.url=/cariota-b56d7/us-central1/main/api/v1/iota/balance, mapping to path=/api/v1/iota/balance"}}
[debug] [2022-09-11T19:52:06.922Z] [runtime-status] [13904] Ephemeral server handling POST request {"metadata":{"emulator":{"name":"functions"},"function":{"name":"us-central1-main"},"extension":{},"message":"[runtime-status] [13904] Ephemeral server handling POST request"}}
[debug] [2022-09-11T19:52:06.923Z] [runtime-status] [13904] Ephemeral server survived. {"metadata":{"emulator":{"name":"functions"},"function":{"name":"us-central1-main"},"extension":{},"message":"[runtime-status] [13904] Ephemeral server survived."}}
[info] >  (node:13904) UnhandledPromiseRejectionWarning: TypeError: Cannot read property 'address' of undefined {"user":"(node:13904) UnhandledPromiseRejectionWarning: TypeError: Cannot read property 'address' of undefined","metadata":{"emulator":{"name":"functions"},"function":{"name":"us-central1-main"},"extension":{},"message":"\u001b[90m> \u001b[39m (node:13904) UnhandledPromiseRejectionWarning: TypeError: Cannot read property 'address' of undefined"}}
[info] >      at C:\Users\ebarreto\Desktop\cariota.org.frontend\functions\src\controllers\IotaController.js:118:37 {"user":"    at C:\\Users\\ebarreto\\Desktop\\cariota.org.frontend\\functions\\src\\controllers\\IotaController.js:118:37","metadata":{"emulator":{"name":"functions"},"function":{"name":"us-central1-main"},"extension":{},"message":"\u001b[90m> \u001b[39m     at C:\\Users\\ebarreto\\Desktop\\cariota.org.frontend\\functions\\src\\controllers\\IotaController.js:118:37"}}
[info] >      at processTicksAndRejections (internal/process/task_queues.js:95:5) {"user":"    at processTicksAndRejections (internal/process/task_queues.js:95:5)","metadata":{"emulator":{"name":"functions"},"function":{"name":"us-central1-main"},"extension":{},"message":"\u001b[90m> \u001b[39m     at processTicksAndRejections (internal/process/task_queues.js:95:5)"}}
[info] >      at async balance (C:\Users\ebarreto\Desktop\cariota.org.frontend\functions\src\controllers\IotaController.js:117:9) {"user":"    at async balance (C:\\Users\\ebarreto\\Desktop\\cariota.org.frontend\\functions\\src\\controllers\\IotaController.js:117:9)","metadata":{"emulator":{"name":"functions"},"function":{"name":"us-central1-main"},"extension":{},"message":"\u001b[90m> \u001b[39m     at async balance (C:\\Users\\ebarreto\\Desktop\\cariota.org.frontend\\functions\\src\\controllers\\IotaController.js:117:9)"}}
[info] >  (Use `node --trace-warnings ...` to show where the warning was created) {"user":"(Use `node --trace-warnings ...` to show where the warning was created)","metadata":{"emulator":{"name":"functions"},"function":{"name":"us-central1-main"},"extension":{},"message":"\u001b[90m> \u001b[39m (Use `node --trace-warnings ...` to show where the warning was created)"}}
[info] >  (node:13904) UnhandledPromiseRejectionWarning: Unhandled promise rejection. This error originated either by throwing inside of an async function without a catch block, or by rejecting a promise which was not handled with .catch(). To terminate the node process on unhandled promise rejection, use the CLI flag `--unhandled-rejections=strict` (see https://nodejs.org/api/cli.html#cli_unhandled_rejections_mode). (rejection id: 1) {"user":"(node:13904) UnhandledPromiseRejectionWarning: Unhandled promise rejection. This error originated either by throwing inside of an async function without a catch block, or by rejecting a promise which was not handled with .catch(). To terminate the node process on unhandled promise rejection, use the CLI flag `--unhandled-rejections=strict` (see https://nodejs.org/api/cli.html#cli_unhandled_rejections_mode). (rejection id: 1)","metadata":{"emulator":{"name":"functions"},"function":{"name":"us-central1-main"},"extension":{},"message":"\u001b[90m> \u001b[39m (node:13904) UnhandledPromiseRejectionWarning: Unhandled promise rejection. This error originated either by throwing inside of an async function without a catch block, or by rejecting a promise which was not handled with .catch(). To terminate the node process on unhandled promise rejection, use the CLI flag `--unhandled-rejections=strict` (see https://nodejs.org/api/cli.html#cli_unhandled_rejections_mode). (rejection id: 1)"}}
[info] >  (node:13904) [DEP0018] DeprecationWarning: Unhandled promise rejections are deprecated. In the future, promise rejections that are not handled will terminate the Node.js process with a non-zero exit code. {"user":"(node:13904) [DEP0018] DeprecationWarning: Unhandled promise rejections are deprecated. In the future, promise rejections that are not handled will terminate the Node.js process with a non-zero exit code.","metadata":{"emulator":{"name":"functions"},"function":{"name":"us-central1-main"},"extension":{},"message":"\u001b[90m> \u001b[39m (node:13904) [DEP0018] DeprecationWarning: Unhandled promise rejections are deprecated. In the future, promise rejections that are not handled will terminate the Node.js process with a non-zero exit code."}}
[debug] [2022-09-11T19:52:32.721Z] File C:\Users\ebarreto\Desktop\cariota.org.frontend\functions\src\controllers\IotaController.js changed, reloading triggers {"metadata":{"emulator":{"name":"functions"},"message":"File C:\\Users\\ebarreto\\Desktop\\cariota.org.frontend\\functions\\src\\controllers\\IotaController.js changed, reloading triggers"}}
[debug] [2022-09-11T19:52:33.723Z] [worker-pool] Marking BUSY worker to finish (us-central1-main) {"metadata":{"emulator":{"name":"functions"},"message":"[worker-pool] Marking BUSY worker to finish (us-central1-main)"}}
[debug] [2022-09-11T19:52:33.723Z] [worker-us-central1-main-081423cc-8640-4176-82ec-e82df195cdab]: FINISHING {"metadata":{"emulator":{"name":"functions"},"message":"[worker-us-central1-main-081423cc-8640-4176-82ec-e82df195cdab]: FINISHING"}}
[debug] [2022-09-11T19:52:33.725Z] Validating nodejs source
[warn] !  functions: package.json indicates an outdated version of firebase-functions. Please upgrade using npm install --save firebase-functions@latest in your functions directory. 
[debug] [2022-09-11T19:52:40.674Z] > [functions] package.json contents: {
  "name": "functions",
  "description": "Cloud Functions for Firebase",
  "scripts": {
    "serve": "firebase emulators:start --only functions",
    "shell": "firebase functions:shell",
    "start": "npm run shell",
    "deploy": "firebase deploy --only functions",
    "logs": "firebase functions:log"
  },
  "engines": {
    "node": "14"
  },
  "main": "./src/index.js",
  "dependencies": {
    "@iota/client": "^2.2.4",
    "axios": "^0.27.2",
    "cors": "^2.8.5",
    "express": "^4.18.1",
    "firebase-admin": "^10.0.2",
    "firebase-functions": "^3.22.0"
  },
  "devDependencies": {
    "firebase-functions-test": "^0.2.0"
  },
  "private": true
}
[debug] [2022-09-11T19:52:40.674Z] Building nodejs source
[debug] [2022-09-11T19:52:40.674Z] Analyzing nodejs backend spec
[debug] [2022-09-11T19:52:40.676Z] Could not find functions.yaml. Must use http discovery
[debug] [2022-09-11T19:52:40.716Z] File C:\Users\ebarreto\Desktop\cariota.org.frontend\functions\src\controllers\IotaController.js changed, reloading triggers {"metadata":{"emulator":{"name":"functions"},"message":"File C:\\Users\\ebarreto\\Desktop\\cariota.org.frontend\\functions\\src\\controllers\\IotaController.js changed, reloading triggers"}}
[debug] [2022-09-11T19:52:41.356Z] Serving at port 9005

[debug] [2022-09-11T19:52:41.720Z] Validating nodejs source
[warn] !  functions: package.json indicates an outdated version of firebase-functions. Please upgrade using npm install --save firebase-functions@latest in your functions directory. 
[debug] [2022-09-11T19:52:47.325Z] > [functions] package.json contents: {
  "name": "functions",
  "description": "Cloud Functions for Firebase",
  "scripts": {
    "serve": "firebase emulators:start --only functions",
    "shell": "firebase functions:shell",
    "start": "npm run shell",
    "deploy": "firebase deploy --only functions",
    "logs": "firebase functions:log"
  },
  "engines": {
    "node": "14"
  },
  "main": "./src/index.js",
  "dependencies": {
    "@iota/client": "^2.2.4",
    "axios": "^0.27.2",
    "cors": "^2.8.5",
    "express": "^4.18.1",
    "firebase-admin": "^10.0.2",
    "firebase-functions": "^3.22.0"
  },
  "devDependencies": {
    "firebase-functions-test": "^0.2.0"
  },
  "private": true
}
[debug] [2022-09-11T19:52:47.325Z] Building nodejs source
[debug] [2022-09-11T19:52:47.325Z] Analyzing nodejs backend spec
[debug] [2022-09-11T19:52:47.326Z] Could not find functions.yaml. Must use http discovery
[debug] [2022-09-11T19:52:47.984Z] Serving at port 9006

[debug] [2022-09-11T19:52:49.083Z] Got response from /__/functions.yaml {"endpoints":{"main":{"platform":"gcfv1","httpsTrigger":{},"entryPoint":"main"}},"specVersion":"v1alpha1","requiredAPIs":[]}
[debug] [2022-09-11T19:52:49.091Z] shutdown requested via /__/quitquitquit

[debug] [2022-09-11T19:52:49.546Z] File C:\Users\ebarreto\Desktop\cariota.org.frontend\functions\src\controllers\IotaController.js changed, reloading triggers {"metadata":{"emulator":{"name":"functions"},"message":"File C:\\Users\\ebarreto\\Desktop\\cariota.org.frontend\\functions\\src\\controllers\\IotaController.js changed, reloading triggers"}}
[debug] [2022-09-11T19:52:50.552Z] Validating nodejs source
[warn] !  functions: package.json indicates an outdated version of firebase-functions. Please upgrade using npm install --save firebase-functions@latest in your functions directory. 
[debug] [2022-09-11T19:52:57.584Z] > [functions] package.json contents: {
  "name": "functions",
  "description": "Cloud Functions for Firebase",
  "scripts": {
    "serve": "firebase emulators:start --only functions",
    "shell": "firebase functions:shell",
    "start": "npm run shell",
    "deploy": "firebase deploy --only functions",
    "logs": "firebase functions:log"
  },
  "engines": {
    "node": "14"
  },
  "main": "./src/index.js",
  "dependencies": {
    "@iota/client": "^2.2.4",
    "axios": "^0.27.2",
    "cors": "^2.8.5",
    "express": "^4.18.1",
    "firebase-admin": "^10.0.2",
    "firebase-functions": "^3.22.0"
  },
  "devDependencies": {
    "firebase-functions-test": "^0.2.0"
  },
  "private": true
}
[debug] [2022-09-11T19:52:57.585Z] Building nodejs source
[debug] [2022-09-11T19:52:57.585Z] Analyzing nodejs backend spec
[debug] [2022-09-11T19:52:57.586Z] Got response from /__/functions.yaml {"endpoints":{"main":{"platform":"gcfv1","httpsTrigger":{},"entryPoint":"main"}},"specVersion":"v1alpha1","requiredAPIs":[]}
[debug] [2022-09-11T19:52:57.599Z] Could not find functions.yaml. Must use http discovery
[debug] [2022-09-11T19:52:57.646Z] File C:\Users\ebarreto\Desktop\cariota.org.frontend\functions\src\controllers\IotaController.js changed, reloading triggers {"metadata":{"emulator":{"name":"functions"},"message":"File C:\\Users\\ebarreto\\Desktop\\cariota.org.frontend\\functions\\src\\controllers\\IotaController.js changed, reloading triggers"}}
[debug] [2022-09-11T19:52:57.660Z] shutdown requested via /__/quitquitquit

[debug] [2022-09-11T19:52:58.470Z] Serving at port 9005

[debug] [2022-09-11T19:52:58.649Z] Validating nodejs source
[warn] !  functions: package.json indicates an outdated version of firebase-functions. Please upgrade using npm install --save firebase-functions@latest in your functions directory. 
[debug] [2022-09-11T19:53:04.845Z] > [functions] package.json contents: {
  "name": "functions",
  "description": "Cloud Functions for Firebase",
  "scripts": {
    "serve": "firebase emulators:start --only functions",
    "shell": "firebase functions:shell",
    "start": "npm run shell",
    "deploy": "firebase deploy --only functions",
    "logs": "firebase functions:log"
  },
  "engines": {
    "node": "14"
  },
  "main": "./src/index.js",
  "dependencies": {
    "@iota/client": "^2.2.4",
    "axios": "^0.27.2",
    "cors": "^2.8.5",
    "express": "^4.18.1",
    "firebase-admin": "^10.0.2",
    "firebase-functions": "^3.22.0"
  },
  "devDependencies": {
    "firebase-functions-test": "^0.2.0"
  },
  "private": true
}
[debug] [2022-09-11T19:53:04.846Z] Building nodejs source
[debug] [2022-09-11T19:53:04.846Z] Analyzing nodejs backend spec
[debug] [2022-09-11T19:53:04.847Z] [work-queue] {"queueLength":1,"workRunningCount":1}
[debug] [2022-09-11T19:53:04.848Z] [work-queue] {"queueLength":0,"workRunningCount":2}
[debug] [2022-09-11T19:53:04.848Z] Accepted request POST /cariota-b56d7/us-central1/main/api/v1/iota/balance --> us-central1-main
[debug] [2022-09-11T19:53:04.866Z] [worker-pool] addWorker(us-central1-main) {"metadata":{"emulator":{"name":"functions"},"message":"[worker-pool] addWorker(us-central1-main)"}}
[debug] [2022-09-11T19:53:04.866Z] [worker-pool] Adding worker with key us-central1-main, total=2 {"metadata":{"emulator":{"name":"functions"},"message":"[worker-pool] Adding worker with key us-central1-main, total=2"}}
[debug] [2022-09-11T19:53:04.866Z] [worker-pool] submitWork(triggerId=us-central1-main) {"metadata":{"emulator":{"name":"functions"},"message":"[worker-pool] submitWork(triggerId=us-central1-main)"}}
[debug] [2022-09-11T19:53:04.866Z] [worker-us-central1-main-69dbc6e4-0e5e-4c9d-8e8c-22770f124c72]: Assigning socketPath: \\?\pipe\C:\Users\ebarreto\Desktop\cariota.org.frontend\functions\17260 {"metadata":{"emulator":{"name":"functions"},"message":"[worker-us-central1-main-69dbc6e4-0e5e-4c9d-8e8c-22770f124c72]: Assigning socketPath: \\\\?\\pipe\\C:\\Users\\ebarreto\\Desktop\\cariota.org.frontend\\functions\\17260"}}
[debug] [2022-09-11T19:53:04.866Z] [worker-us-central1-main-69dbc6e4-0e5e-4c9d-8e8c-22770f124c72]: BUSY {"metadata":{"emulator":{"name":"functions"},"message":"[worker-us-central1-main-69dbc6e4-0e5e-4c9d-8e8c-22770f124c72]: BUSY"}}
[debug] [2022-09-11T19:53:04.867Z] Could not find functions.yaml. Must use http discovery
[debug] [2022-09-11T19:53:05.677Z] Serving at port 9006

[debug] [2022-09-11T19:53:06.565Z] Got response from /__/functions.yaml {"endpoints":{"main":{"platform":"gcfv1","httpsTrigger":{},"entryPoint":"main"}},"specVersion":"v1alpha1","requiredAPIs":[]}
[debug] [2022-09-11T19:53:06.573Z] shutdown requested via /__/quitquitquit

[warn] !  functions: Your function timed out after ~60s. To configure this timeout, see
      https://firebase.google.com/docs/functions/manage-functions#set_timeout_and_memory_allocation. {"metadata":{"emulator":{"name":"functions"},"function":{"name":"us-central1-main"},"extension":{},"message":"Your function timed out after ~60s. To configure this timeout, see\n      https://firebase.google.com/docs/functions/manage-functions#set_timeout_and_memory_allocation."}}
[info] >  C:\Users\ebarreto\AppData\Roaming\npm\node_modules\firebase-tools\lib\emulator\functionsEmulatorRuntime.js:634 {"user":"C:\\Users\\ebarreto\\AppData\\Roaming\\npm\\node_modules\\firebase-tools\\lib\\emulator\\functionsEmulatorRuntime.js:634\r","metadata":{"emulator":{"name":"functions"},"function":{"name":"us-central1-main"},"extension":{},"message":"\u001b[90m> \u001b[39m C:\\Users\\ebarreto\\AppData\\Roaming\\npm\\node_modules\\firebase-tools\\lib\\emulator\\functionsEmulatorRuntime.js:634\r"}}
[info] >              throw new Error("Function timed out."); {"user":"            throw new Error(\"Function timed out.\");\r","metadata":{"emulator":{"name":"functions"},"function":{"name":"us-central1-main"},"extension":{},"message":"\u001b[90m> \u001b[39m             throw new Error(\"Function timed out.\");\r"}}
[info] >              ^ {"user":"            ^\r","metadata":{"emulator":{"name":"functions"},"function":{"name":"us-central1-main"},"extension":{},"message":"\u001b[90m> \u001b[39m             ^\r"}}
[info] >   {"user":"\r","metadata":{"emulator":{"name":"functions"},"function":{"name":"us-central1-main"},"extension":{},"message":"\u001b[90m> \u001b[39m \r"}}
[info] >  Error: Function timed out. {"user":"Error: Function timed out.\r","metadata":{"emulator":{"name":"functions"},"function":{"name":"us-central1-main"},"extension":{},"message":"\u001b[90m> \u001b[39m Error: Function timed out.\r"}}
[info] >      at Timeout._onTimeout (C:\Users\ebarreto\AppData\Roaming\npm\node_modules\firebase-tools\lib\emulator\functionsEmulatorRuntime.js:634:19) {"user":"    at Timeout._onTimeout (C:\\Users\\ebarreto\\AppData\\Roaming\\npm\\node_modules\\firebase-tools\\lib\\emulator\\functionsEmulatorRuntime.js:634:19)\r","metadata":{"emulator":{"name":"functions"},"function":{"name":"us-central1-main"},"extension":{},"message":"\u001b[90m> \u001b[39m     at Timeout._onTimeout (C:\\Users\\ebarreto\\AppData\\Roaming\\npm\\node_modules\\firebase-tools\\lib\\emulator\\functionsEmulatorRuntime.js:634:19)\r"}}
[info] >      at listOnTimeout (internal/timers.js:557:17) {"user":"    at listOnTimeout (internal/timers.js:557:17)\r","metadata":{"emulator":{"name":"functions"},"function":{"name":"us-central1-main"},"extension":{},"message":"\u001b[90m> \u001b[39m     at listOnTimeout (internal/timers.js:557:17)\r"}}
[info] >      at processTimers (internal/timers.js:500:7) {"user":"    at processTimers (internal/timers.js:500:7)\r","metadata":{"emulator":{"name":"functions"},"function":{"name":"us-central1-main"},"extension":{},"message":"\u001b[90m> \u001b[39m     at processTimers (internal/timers.js:500:7)\r"}}
[debug] [2022-09-11T19:53:06.961Z] [worker-us-central1-main-081423cc-8640-4176-82ec-e82df195cdab]: exited {"metadata":{"emulator":{"name":"functions"},"message":"[worker-us-central1-main-081423cc-8640-4176-82ec-e82df195cdab]: exited"}}
[debug] [2022-09-11T19:53:06.961Z] [worker-us-central1-main-081423cc-8640-4176-82ec-e82df195cdab]: FINISHED {"metadata":{"emulator":{"name":"functions"},"message":"[worker-us-central1-main-081423cc-8640-4176-82ec-e82df195cdab]: FINISHED"}}
[debug] [2022-09-11T19:53:06.961Z] [work-queue] {"queueLength":0,"workRunningCount":1}
[debug] [2022-09-11T19:53:08.573Z] Got response from /__/functions.yaml {"endpoints":{"main":{"platform":"gcfv1","httpsTrigger":{},"entryPoint":"main"}},"specVersion":"v1alpha1","requiredAPIs":[]}
[debug] [2022-09-11T19:53:08.579Z] shutdown requested via /__/quitquitquit

[debug] [2022-09-11T19:53:09.186Z] [runtime-status] [17260] Functions runtime initialized. {"cwd":"C:\\Users\\ebarreto\\Desktop\\cariota.org.frontend\\functions","node_version":"14.17.3"} {"metadata":{"emulator":{"name":"functions"},"function":{"name":"us-central1-main"},"extension":{},"message":"[runtime-status] [17260] Functions runtime initialized. {\"cwd\":\"C:\\\\Users\\\\ebarreto\\\\Desktop\\\\cariota.org.frontend\\\\functions\",\"node_version\":\"14.17.3\"}"}}
[debug] [2022-09-11T19:53:09.190Z] [runtime-status] [17260] Disabled runtime features: undefined {"metadata":{"emulator":{"name":"functions"},"function":{"name":"us-central1-main"},"extension":{},"message":"[runtime-status] [17260] Disabled runtime features: undefined"}}
[debug] [2022-09-11T19:53:09.197Z] [runtime-status] [17260] Resolved module firebase-admin {"declared":true,"installed":true,"version":"10.3.0","resolution":"C:\\Users\\ebarreto\\Desktop\\cariota.org.frontend\\functions\\node_modules\\firebase-admin\\lib\\index.js"} {"metadata":{"emulator":{"name":"functions"},"function":{"name":"us-central1-main"},"extension":{},"message":"[runtime-status] [17260] Resolved module firebase-admin {\"declared\":true,\"installed\":true,\"version\":\"10.3.0\",\"resolution\":\"C:\\\\Users\\\\ebarreto\\\\Desktop\\\\cariota.org.frontend\\\\functions\\\\node_modules\\\\firebase-admin\\\\lib\\\\index.js\"}"}}
[debug] [2022-09-11T19:53:09.202Z] [runtime-status] [17260] Resolved module firebase-functions {"declared":true,"installed":true,"version":"3.22.0","resolution":"C:\\Users\\ebarreto\\Desktop\\cariota.org.frontend\\functions\\node_modules\\firebase-functions\\lib\\index.js"} {"metadata":{"emulator":{"name":"functions"},"function":{"name":"us-central1-main"},"extension":{},"message":"[runtime-status] [17260] Resolved module firebase-functions {\"declared\":true,\"installed\":true,\"version\":\"3.22.0\",\"resolution\":\"C:\\\\Users\\\\ebarreto\\\\Desktop\\\\cariota.org.frontend\\\\functions\\\\node_modules\\\\firebase-functions\\\\lib\\\\index.js\"}"}}
[debug] [2022-09-11T19:53:09.203Z] [runtime-status] [17260] Outgoing network have been stubbed. [{"name":"http","status":"mocked"},{"name":"http","status":"mocked"},{"name":"https","status":"mocked"},{"name":"https","status":"mocked"},{"name":"net","status":"mocked"}] {"metadata":{"emulator":{"name":"functions"},"function":{"name":"us-central1-main"},"extension":{},"message":"[runtime-status] [17260] Outgoing network have been stubbed. [{\"name\":\"http\",\"status\":\"mocked\"},{\"name\":\"http\",\"status\":\"mocked\"},{\"name\":\"https\",\"status\":\"mocked\"},{\"name\":\"https\",\"status\":\"mocked\"},{\"name\":\"net\",\"status\":\"mocked\"}]"}}
[debug] [2022-09-11T19:53:09.206Z] [runtime-status] [17260] Resolved module firebase-functions {"declared":true,"installed":true,"version":"3.22.0","resolution":"C:\\Users\\ebarreto\\Desktop\\cariota.org.frontend\\functions\\node_modules\\firebase-functions\\lib\\index.js"} {"metadata":{"emulator":{"name":"functions"},"function":{"name":"us-central1-main"},"extension":{},"message":"[runtime-status] [17260] Resolved module firebase-functions {\"declared\":true,\"installed\":true,\"version\":\"3.22.0\",\"resolution\":\"C:\\\\Users\\\\ebarreto\\\\Desktop\\\\cariota.org.frontend\\\\functions\\\\node_modules\\\\firebase-functions\\\\lib\\\\index.js\"}"}}
[debug] [2022-09-11T19:53:09.309Z] [runtime-status] [17260] Checked functions.config() {"config":{}} {"metadata":{"emulator":{"name":"functions"},"function":{"name":"us-central1-main"},"extension":{},"message":"[runtime-status] [17260] Checked functions.config() {\"config\":{}}"}}
[debug] [2022-09-11T19:53:09.309Z] [runtime-status] [17260] firebase-functions has been stubbed. {"functionsResolution":{"declared":true,"installed":true,"version":"3.22.0","resolution":"C:\\Users\\ebarreto\\Desktop\\cariota.org.frontend\\functions\\node_modules\\firebase-functions\\lib\\index.js"}} {"metadata":{"emulator":{"name":"functions"},"function":{"name":"us-central1-main"},"extension":{},"message":"[runtime-status] [17260] firebase-functions has been stubbed. {\"functionsResolution\":{\"declared\":true,\"installed\":true,\"version\":\"3.22.0\",\"resolution\":\"C:\\\\Users\\\\ebarreto\\\\Desktop\\\\cariota.org.frontend\\\\functions\\\\node_modules\\\\firebase-functions\\\\lib\\\\index.js\"}}"}}
[debug] [2022-09-11T19:53:09.311Z] [runtime-status] [17260] Resolved module firebase-functions {"declared":true,"installed":true,"version":"3.22.0","resolution":"C:\\Users\\ebarreto\\Desktop\\cariota.org.frontend\\functions\\node_modules\\firebase-functions\\lib\\index.js"} {"metadata":{"emulator":{"name":"functions"},"function":{"name":"us-central1-main"},"extension":{},"message":"[runtime-status] [17260] Resolved module firebase-functions {\"declared\":true,\"installed\":true,\"version\":\"3.22.0\",\"resolution\":\"C:\\\\Users\\\\ebarreto\\\\Desktop\\\\cariota.org.frontend\\\\functions\\\\node_modules\\\\firebase-functions\\\\lib\\\\index.js\"}"}}
[debug] [2022-09-11T19:53:09.316Z] [runtime-status] [17260] Resolved module firebase-admin {"declared":true,"installed":true,"version":"10.3.0","resolution":"C:\\Users\\ebarreto\\Desktop\\cariota.org.frontend\\functions\\node_modules\\firebase-admin\\lib\\index.js"} {"metadata":{"emulator":{"name":"functions"},"function":{"name":"us-central1-main"},"extension":{},"message":"[runtime-status] [17260] Resolved module firebase-admin {\"declared\":true,\"installed\":true,\"version\":\"10.3.0\",\"resolution\":\"C:\\\\Users\\\\ebarreto\\\\Desktop\\\\cariota.org.frontend\\\\functions\\\\node_modules\\\\firebase-admin\\\\lib\\\\index.js\"}"}}
[debug] [2022-09-11T19:53:09.319Z] [runtime-status] [17260] Resolved module firebase-functions {"declared":true,"installed":true,"version":"3.22.0","resolution":"C:\\Users\\ebarreto\\Desktop\\cariota.org.frontend\\functions\\node_modules\\firebase-functions\\lib\\index.js"} {"metadata":{"emulator":{"name":"functions"},"function":{"name":"us-central1-main"},"extension":{},"message":"[runtime-status] [17260] Resolved module firebase-functions {\"declared\":true,\"installed\":true,\"version\":\"3.22.0\",\"resolution\":\"C:\\\\Users\\\\ebarreto\\\\Desktop\\\\cariota.org.frontend\\\\functions\\\\node_modules\\\\firebase-functions\\\\lib\\\\index.js\"}"}}
[debug] [2022-09-11T19:53:09.319Z] [runtime-status] [17260] firebase-admin has been stubbed. {"adminResolution":{"declared":true,"installed":true,"version":"10.3.0","resolution":"C:\\Users\\ebarreto\\Desktop\\cariota.org.frontend\\functions\\node_modules\\firebase-admin\\lib\\index.js"}} {"metadata":{"emulator":{"name":"functions"},"function":{"name":"us-central1-main"},"extension":{},"message":"[runtime-status] [17260] firebase-admin has been stubbed. {\"adminResolution\":{\"declared\":true,\"installed\":true,\"version\":\"10.3.0\",\"resolution\":\"C:\\\\Users\\\\ebarreto\\\\Desktop\\\\cariota.org.frontend\\\\functions\\\\node_modules\\\\firebase-admin\\\\lib\\\\index.js\"}}"}}
[debug] [2022-09-11T19:53:09.680Z] [runtime-status] [17260] initializeApp(DEFAULT) {"storageBucket":"cariota-b56d7.appspot.com","projectId":"cariota-b56d7"} {"metadata":{"emulator":{"name":"functions"},"function":{"name":"us-central1-main"},"extension":{},"message":"[runtime-status] [17260] initializeApp(DEFAULT) {\"storageBucket\":\"cariota-b56d7.appspot.com\",\"projectId\":\"cariota-b56d7\"}"}}
[debug] [2022-09-11T19:53:11.804Z] [runtime-status] [17260] Beginning invocation function main! {"metadata":{"emulator":{"name":"functions"},"function":{"name":"us-central1-main"},"extension":{},"message":"[runtime-status] [17260] Beginning invocation function main!"}}
[info] i  functions: Beginning execution of "main" {"metadata":{"emulator":{"name":"functions"},"function":{"name":"us-central1-main"},"extension":{},"message":"Beginning execution of \"main\""}}
[debug] [2022-09-11T19:53:11.806Z] [runtime-status] [17260] Running main in signature http {"metadata":{"emulator":{"name":"functions"},"function":{"name":"us-central1-main"},"extension":{},"message":"[runtime-status] [17260] Running main in signature http"}}
[debug] [2022-09-11T19:53:11.809Z] [runtime-status] [17260] Attempting to listen to socketPath: \\?\pipe\C:\Users\ebarreto\Desktop\cariota.org.frontend\functions\17260 {"metadata":{"emulator":{"name":"functions"},"function":{"name":"us-central1-main"},"extension":{},"message":"[runtime-status] [17260] Attempting to listen to socketPath: \\\\?\\pipe\\C:\\Users\\ebarreto\\Desktop\\cariota.org.frontend\\functions\\17260"}}
[debug] [2022-09-11T19:53:11.816Z] [functions] Runtime ready! Sending request! {"metadata":{"emulator":{"name":"functions"},"message":"[functions] Runtime ready! Sending request!"}}
[debug] [2022-09-11T19:53:11.816Z] [functions] Got req.url=/cariota-b56d7/us-central1/main/api/v1/iota/balance, mapping to path=/api/v1/iota/balance {"metadata":{"emulator":{"name":"functions"},"message":"[functions] Got req.url=/cariota-b56d7/us-central1/main/api/v1/iota/balance, mapping to path=/api/v1/iota/balance"}}
[debug] [2022-09-11T19:53:11.851Z] [runtime-status] [17260] Ephemeral server handling POST request {"metadata":{"emulator":{"name":"functions"},"function":{"name":"us-central1-main"},"extension":{},"message":"[runtime-status] [17260] Ephemeral server handling POST request"}}
[debug] [2022-09-11T19:53:11.857Z] [runtime-status] [17260] Ephemeral server survived. {"metadata":{"emulator":{"name":"functions"},"function":{"name":"us-central1-main"},"extension":{},"message":"[runtime-status] [17260] Ephemeral server survived."}}
[warn] !  Google API requested!
   - URL: "https://oauth2.googleapis.com/token"
   - Be careful, this may be a production service. {"metadata":{"emulator":{"name":"functions"},"function":{"name":"us-central1-main"},"extension":{},"message":"Google API requested!\n   - URL: \"https://oauth2.googleapis.com/token\"\n   - Be careful, this may be a production service."}}
[info] i  functions: Finished "main" in ~1s {"metadata":{"emulator":{"name":"functions"},"function":{"name":"us-central1-main"},"extension":{},"message":"Finished \"main\" in ~1s"}}
[debug] [2022-09-11T19:53:13.051Z] [worker-us-central1-main-69dbc6e4-0e5e-4c9d-8e8c-22770f124c72]: IDLE {"metadata":{"emulator":{"name":"functions"},"message":"[worker-us-central1-main-69dbc6e4-0e5e-4c9d-8e8c-22770f124c72]: IDLE"}}
[debug] [2022-09-11T19:53:13.051Z] [work-queue] {"queueLength":0,"workRunningCount":0}
[info] >  (node:17260) UnhandledPromiseRejectionWarning: Error: ClientTask error: Client(ResponseError(404, "{\"error\":{\"code\":\"404\",\"message\":\"Not Found, error: code=404, message=Not Found\"}}\n")) {"user":"(node:17260) UnhandledPromiseRejectionWarning: Error: ClientTask error: Client(ResponseError(404, \"{\\\"error\\\":{\\\"code\\\":\\\"404\\\",\\\"message\\\":\\\"Not Found, error: code=404, message=Not Found\\\"}}\\n\"))","metadata":{"emulator":{"name":"functions"},"function":{"name":"us-central1-main"},"extension":{},"message":"\u001b[90m> \u001b[39m (node:17260) UnhandledPromiseRejectionWarning: Error: ClientTask error: Client(ResponseError(404, \"{\\\"error\\\":{\\\"code\\\":\\\"404\\\",\\\"message\\\":\\\"Not Found, error: code=404, message=Not Found\\\"}}\\n\"))"}}
[info] >  (Use `node --trace-warnings ...` to show where the warning was created) {"user":"(Use `node --trace-warnings ...` to show where the warning was created)","metadata":{"emulator":{"name":"functions"},"function":{"name":"us-central1-main"},"extension":{},"message":"\u001b[90m> \u001b[39m (Use `node --trace-warnings ...` to show where the warning was created)"}}
[info] >  (node:17260) UnhandledPromiseRejectionWarning: Unhandled promise rejection. This error originated either by throwing inside of an async function without a catch block, or by rejecting a promise which was not handled with .catch(). To terminate the node process on unhandled promise rejection, use the CLI flag `--unhandled-rejections=strict` (see https://nodejs.org/api/cli.html#cli_unhandled_rejections_mode). (rejection id: 1) {"user":"(node:17260) UnhandledPromiseRejectionWarning: Unhandled promise rejection. This error originated either by throwing inside of an async function without a catch block, or by rejecting a promise which was not handled with .catch(). To terminate the node process on unhandled promise rejection, use the CLI flag `--unhandled-rejections=strict` (see https://nodejs.org/api/cli.html#cli_unhandled_rejections_mode). (rejection id: 1)","metadata":{"emulator":{"name":"functions"},"function":{"name":"us-central1-main"},"extension":{},"message":"\u001b[90m> \u001b[39m (node:17260) UnhandledPromiseRejectionWarning: Unhandled promise rejection. This error originated either by throwing inside of an async function without a catch block, or by rejecting a promise which was not handled with .catch(). To terminate the node process on unhandled promise rejection, use the CLI flag `--unhandled-rejections=strict` (see https://nodejs.org/api/cli.html#cli_unhandled_rejections_mode). (rejection id: 1)"}}
[info] >  (node:17260) [DEP0018] DeprecationWarning: Unhandled promise rejections are deprecated. In the future, promise rejections that are not handled will terminate the Node.js process with a non-zero exit code. {"user":"(node:17260) [DEP0018] DeprecationWarning: Unhandled promise rejections are deprecated. In the future, promise rejections that are not handled will terminate the Node.js process with a non-zero exit code.","metadata":{"emulator":{"name":"functions"},"function":{"name":"us-central1-main"},"extension":{},"message":"\u001b[90m> \u001b[39m (node:17260) [DEP0018] DeprecationWarning: Unhandled promise rejections are deprecated. In the future, promise rejections that are not handled will terminate the Node.js process with a non-zero exit code."}}
[debug] [2022-09-11T19:53:32.594Z] [work-queue] {"queueLength":1,"workRunningCount":0}
[debug] [2022-09-11T19:53:32.595Z] [work-queue] {"queueLength":0,"workRunningCount":1}
[debug] [2022-09-11T19:53:32.595Z] Accepted request POST /cariota-b56d7/us-central1/main/api/v1/iota/balance --> us-central1-main
[debug] [2022-09-11T19:53:32.595Z] [worker-pool] Cleaned up workers for us-central1-main: 2 --> 1 {"metadata":{"emulator":{"name":"functions"},"message":"[worker-pool] Cleaned up workers for us-central1-main: 2 --> 1"}}
[debug] [2022-09-11T19:53:32.595Z] [worker-pool] submitWork(triggerId=us-central1-main) {"metadata":{"emulator":{"name":"functions"},"message":"[worker-pool] submitWork(triggerId=us-central1-main)"}}
[debug] [2022-09-11T19:53:32.595Z] [worker-us-central1-main-69dbc6e4-0e5e-4c9d-8e8c-22770f124c72]: Assigning socketPath: \\?\pipe\C:\Users\ebarreto\Desktop\cariota.org.frontend\functions\17260 {"metadata":{"emulator":{"name":"functions"},"message":"[worker-us-central1-main-69dbc6e4-0e5e-4c9d-8e8c-22770f124c72]: Assigning socketPath: \\\\?\\pipe\\C:\\Users\\ebarreto\\Desktop\\cariota.org.frontend\\functions\\17260"}}
[debug] [2022-09-11T19:53:32.595Z] [worker-us-central1-main-69dbc6e4-0e5e-4c9d-8e8c-22770f124c72]: BUSY {"metadata":{"emulator":{"name":"functions"},"message":"[worker-us-central1-main-69dbc6e4-0e5e-4c9d-8e8c-22770f124c72]: BUSY"}}
[debug] [2022-09-11T19:53:32.596Z] [runtime-status] [17260] Beginning invocation function main! {"metadata":{"emulator":{"name":"functions"},"function":{"name":"us-central1-main"},"extension":{},"message":"[runtime-status] [17260] Beginning invocation function main!"}}
[info] i  functions: Beginning execution of "main" {"metadata":{"emulator":{"name":"functions"},"function":{"name":"us-central1-main"},"extension":{},"message":"Beginning execution of \"main\""}}
[debug] [2022-09-11T19:53:32.597Z] [runtime-status] [17260] Running main in signature http {"metadata":{"emulator":{"name":"functions"},"function":{"name":"us-central1-main"},"extension":{},"message":"[runtime-status] [17260] Running main in signature http"}}
[debug] [2022-09-11T19:53:32.598Z] [runtime-status] [17260] Attempting to listen to socketPath: \\?\pipe\C:\Users\ebarreto\Desktop\cariota.org.frontend\functions\17260 {"metadata":{"emulator":{"name":"functions"},"function":{"name":"us-central1-main"},"extension":{},"message":"[runtime-status] [17260] Attempting to listen to socketPath: \\\\?\\pipe\\C:\\Users\\ebarreto\\Desktop\\cariota.org.frontend\\functions\\17260"}}
[debug] [2022-09-11T19:53:32.602Z] [functions] Runtime ready! Sending request! {"metadata":{"emulator":{"name":"functions"},"message":"[functions] Runtime ready! Sending request!"}}
[debug] [2022-09-11T19:53:32.603Z] [functions] Got req.url=/cariota-b56d7/us-central1/main/api/v1/iota/balance, mapping to path=/api/v1/iota/balance {"metadata":{"emulator":{"name":"functions"},"message":"[functions] Got req.url=/cariota-b56d7/us-central1/main/api/v1/iota/balance, mapping to path=/api/v1/iota/balance"}}
[debug] [2022-09-11T19:53:32.605Z] [runtime-status] [17260] Ephemeral server handling POST request {"metadata":{"emulator":{"name":"functions"},"function":{"name":"us-central1-main"},"extension":{},"message":"[runtime-status] [17260] Ephemeral server handling POST request"}}
[debug] [2022-09-11T19:53:32.607Z] [runtime-status] [17260] Ephemeral server survived. {"metadata":{"emulator":{"name":"functions"},"function":{"name":"us-central1-main"},"extension":{},"message":"[runtime-status] [17260] Ephemeral server survived."}}
[info] i  functions: Finished "main" in ~1s {"metadata":{"emulator":{"name":"functions"},"function":{"name":"us-central1-main"},"extension":{},"message":"Finished \"main\" in ~1s"}}
[debug] [2022-09-11T19:53:32.816Z] [worker-us-central1-main-69dbc6e4-0e5e-4c9d-8e8c-22770f124c72]: IDLE {"metadata":{"emulator":{"name":"functions"},"message":"[worker-us-central1-main-69dbc6e4-0e5e-4c9d-8e8c-22770f124c72]: IDLE"}}
[debug] [2022-09-11T19:53:32.816Z] [work-queue] {"queueLength":0,"workRunningCount":0}
[info] >  (node:17260) UnhandledPromiseRejectionWarning: Error: ClientTask error: Client(ResponseError(404, "{\"error\":{\"code\":\"404\",\"message\":\"Not Found, error: code=404, message=Not Found\"}}\n")) {"user":"(node:17260) UnhandledPromiseRejectionWarning: Error: ClientTask error: Client(ResponseError(404, \"{\\\"error\\\":{\\\"code\\\":\\\"404\\\",\\\"message\\\":\\\"Not Found, error: code=404, message=Not Found\\\"}}\\n\"))","metadata":{"emulator":{"name":"functions"},"function":{"name":"us-central1-main"},"extension":{},"message":"\u001b[90m> \u001b[39m (node:17260) UnhandledPromiseRejectionWarning: Error: ClientTask error: Client(ResponseError(404, \"{\\\"error\\\":{\\\"code\\\":\\\"404\\\",\\\"message\\\":\\\"Not Found, error: code=404, message=Not Found\\\"}}\\n\"))"}}
[info] >  (node:17260) UnhandledPromiseRejectionWarning: Unhandled promise rejection. This error originated either by throwing inside of an async function without a catch block, or by rejecting a promise which was not handled with .catch(). To terminate the node process on unhandled promise rejection, use the CLI flag `--unhandled-rejections=strict` (see https://nodejs.org/api/cli.html#cli_unhandled_rejections_mode). (rejection id: 2) {"user":"(node:17260) UnhandledPromiseRejectionWarning: Unhandled promise rejection. This error originated either by throwing inside of an async function without a catch block, or by rejecting a promise which was not handled with .catch(). To terminate the node process on unhandled promise rejection, use the CLI flag `--unhandled-rejections=strict` (see https://nodejs.org/api/cli.html#cli_unhandled_rejections_mode). (rejection id: 2)","metadata":{"emulator":{"name":"functions"},"function":{"name":"us-central1-main"},"extension":{},"message":"\u001b[90m> \u001b[39m (node:17260) UnhandledPromiseRejectionWarning: Unhandled promise rejection. This error originated either by throwing inside of an async function without a catch block, or by rejecting a promise which was not handled with .catch(). To terminate the node process on unhandled promise rejection, use the CLI flag `--unhandled-rejections=strict` (see https://nodejs.org/api/cli.html#cli_unhandled_rejections_mode). (rejection id: 2)"}}
[debug] [2022-09-11T19:53:42.461Z] [work-queue] {"queueLength":1,"workRunningCount":0}
[debug] [2022-09-11T19:53:42.461Z] [work-queue] {"queueLength":0,"workRunningCount":1}
[debug] [2022-09-11T19:53:42.461Z] Accepted request POST /cariota-b56d7/us-central1/main/api/v1/iota/balance --> us-central1-main
[debug] [2022-09-11T19:53:42.462Z] [worker-pool] submitWork(triggerId=us-central1-main) {"metadata":{"emulator":{"name":"functions"},"message":"[worker-pool] submitWork(triggerId=us-central1-main)"}}
[debug] [2022-09-11T19:53:42.462Z] [worker-us-central1-main-69dbc6e4-0e5e-4c9d-8e8c-22770f124c72]: Assigning socketPath: \\?\pipe\C:\Users\ebarreto\Desktop\cariota.org.frontend\functions\17260 {"metadata":{"emulator":{"name":"functions"},"message":"[worker-us-central1-main-69dbc6e4-0e5e-4c9d-8e8c-22770f124c72]: Assigning socketPath: \\\\?\\pipe\\C:\\Users\\ebarreto\\Desktop\\cariota.org.frontend\\functions\\17260"}}
[debug] [2022-09-11T19:53:42.462Z] [worker-us-central1-main-69dbc6e4-0e5e-4c9d-8e8c-22770f124c72]: BUSY {"metadata":{"emulator":{"name":"functions"},"message":"[worker-us-central1-main-69dbc6e4-0e5e-4c9d-8e8c-22770f124c72]: BUSY"}}
[debug] [2022-09-11T19:53:42.463Z] [runtime-status] [17260] Beginning invocation function main! {"metadata":{"emulator":{"name":"functions"},"function":{"name":"us-central1-main"},"extension":{},"message":"[runtime-status] [17260] Beginning invocation function main!"}}
[info] i  functions: Beginning execution of "main" {"metadata":{"emulator":{"name":"functions"},"function":{"name":"us-central1-main"},"extension":{},"message":"Beginning execution of \"main\""}}
[debug] [2022-09-11T19:53:42.464Z] [runtime-status] [17260] Running main in signature http {"metadata":{"emulator":{"name":"functions"},"function":{"name":"us-central1-main"},"extension":{},"message":"[runtime-status] [17260] Running main in signature http"}}
[debug] [2022-09-11T19:53:42.464Z] [runtime-status] [17260] Attempting to listen to socketPath: \\?\pipe\C:\Users\ebarreto\Desktop\cariota.org.frontend\functions\17260 {"metadata":{"emulator":{"name":"functions"},"function":{"name":"us-central1-main"},"extension":{},"message":"[runtime-status] [17260] Attempting to listen to socketPath: \\\\?\\pipe\\C:\\Users\\ebarreto\\Desktop\\cariota.org.frontend\\functions\\17260"}}
[debug] [2022-09-11T19:53:42.468Z] [functions] Runtime ready! Sending request! {"metadata":{"emulator":{"name":"functions"},"message":"[functions] Runtime ready! Sending request!"}}
[debug] [2022-09-11T19:53:42.468Z] [functions] Got req.url=/cariota-b56d7/us-central1/main/api/v1/iota/balance, mapping to path=/api/v1/iota/balance {"metadata":{"emulator":{"name":"functions"},"message":"[functions] Got req.url=/cariota-b56d7/us-central1/main/api/v1/iota/balance, mapping to path=/api/v1/iota/balance"}}
[debug] [2022-09-11T19:53:42.473Z] [runtime-status] [17260] Ephemeral server handling POST request {"metadata":{"emulator":{"name":"functions"},"function":{"name":"us-central1-main"},"extension":{},"message":"[runtime-status] [17260] Ephemeral server handling POST request"}}
[debug] [2022-09-11T19:53:42.473Z] [runtime-status] [17260] Ephemeral server survived. {"metadata":{"emulator":{"name":"functions"},"function":{"name":"us-central1-main"},"extension":{},"message":"[runtime-status] [17260] Ephemeral server survived."}}
[info] i  functions: Finished "main" in ~1s {"metadata":{"emulator":{"name":"functions"},"function":{"name":"us-central1-main"},"extension":{},"message":"Finished \"main\" in ~1s"}}
[debug] [2022-09-11T19:53:42.938Z] [worker-us-central1-main-69dbc6e4-0e5e-4c9d-8e8c-22770f124c72]: IDLE {"metadata":{"emulator":{"name":"functions"},"message":"[worker-us-central1-main-69dbc6e4-0e5e-4c9d-8e8c-22770f124c72]: IDLE"}}
[debug] [2022-09-11T19:53:42.938Z] [work-queue] {"queueLength":0,"workRunningCount":0}
[debug] [2022-09-11T20:05:47.237Z] File C:\Users\ebarreto\Desktop\cariota.org.frontend\functions\src\controllers\IotaController.js changed, reloading triggers {"metadata":{"emulator":{"name":"functions"},"message":"File C:\\Users\\ebarreto\\Desktop\\cariota.org.frontend\\functions\\src\\controllers\\IotaController.js changed, reloading triggers"}}
[debug] [2022-09-11T20:05:48.240Z] [worker-pool] Shutting down IDLE worker (us-central1-main) {"metadata":{"emulator":{"name":"functions"},"message":"[worker-pool] Shutting down IDLE worker (us-central1-main)"}}
[debug] [2022-09-11T20:05:48.240Z] [worker-us-central1-main-69dbc6e4-0e5e-4c9d-8e8c-22770f124c72]: FINISHING {"metadata":{"emulator":{"name":"functions"},"message":"[worker-us-central1-main-69dbc6e4-0e5e-4c9d-8e8c-22770f124c72]: FINISHING"}}
[debug] [2022-09-11T20:05:48.246Z] Validating nodejs source
[warn] !  functions: package.json indicates an outdated version of firebase-functions. Please upgrade using npm install --save firebase-functions@latest in your functions directory. 
[debug] [2022-09-11T20:05:54.821Z] > [functions] package.json contents: {
  "name": "functions",
  "description": "Cloud Functions for Firebase",
  "scripts": {
    "serve": "firebase emulators:start --only functions",
    "shell": "firebase functions:shell",
    "start": "npm run shell",
    "deploy": "firebase deploy --only functions",
    "logs": "firebase functions:log"
  },
  "engines": {
    "node": "14"
  },
  "main": "./src/index.js",
  "dependencies": {
    "@iota/client": "^2.2.4",
    "axios": "^0.27.2",
    "cors": "^2.8.5",
    "express": "^4.18.1",
    "firebase-admin": "^10.0.2",
    "firebase-functions": "^3.22.0"
  },
  "devDependencies": {
    "firebase-functions-test": "^0.2.0"
  },
  "private": true
}
[debug] [2022-09-11T20:05:54.821Z] Building nodejs source
[debug] [2022-09-11T20:05:54.821Z] Analyzing nodejs backend spec
[debug] [2022-09-11T20:05:54.822Z] [worker-us-central1-main-69dbc6e4-0e5e-4c9d-8e8c-22770f124c72]: exited {"metadata":{"emulator":{"name":"functions"},"message":"[worker-us-central1-main-69dbc6e4-0e5e-4c9d-8e8c-22770f124c72]: exited"}}
[debug] [2022-09-11T20:05:54.822Z] [worker-us-central1-main-69dbc6e4-0e5e-4c9d-8e8c-22770f124c72]: FINISHED {"metadata":{"emulator":{"name":"functions"},"message":"[worker-us-central1-main-69dbc6e4-0e5e-4c9d-8e8c-22770f124c72]: FINISHED"}}
[debug] [2022-09-11T20:05:54.823Z] Could not find functions.yaml. Must use http discovery
[debug] [2022-09-11T20:05:54.856Z] File C:\Users\ebarreto\Desktop\cariota.org.frontend\functions\src\controllers\IotaController.js changed, reloading triggers {"metadata":{"emulator":{"name":"functions"},"message":"File C:\\Users\\ebarreto\\Desktop\\cariota.org.frontend\\functions\\src\\controllers\\IotaController.js changed, reloading triggers"}}
[debug] [2022-09-11T20:05:55.427Z] Serving at port 9005

[debug] [2022-09-11T20:05:55.860Z] Validating nodejs source
[warn] !  functions: package.json indicates an outdated version of firebase-functions. Please upgrade using npm install --save firebase-functions@latest in your functions directory. 
[debug] [2022-09-11T20:06:02.427Z] > [functions] package.json contents: {
  "name": "functions",
  "description": "Cloud Functions for Firebase",
  "scripts": {
    "serve": "firebase emulators:start --only functions",
    "shell": "firebase functions:shell",
    "start": "npm run shell",
    "deploy": "firebase deploy --only functions",
    "logs": "firebase functions:log"
  },
  "engines": {
    "node": "14"
  },
  "main": "./src/index.js",
  "dependencies": {
    "@iota/client": "^2.2.4",
    "axios": "^0.27.2",
    "cors": "^2.8.5",
    "express": "^4.18.1",
    "firebase-admin": "^10.0.2",
    "firebase-functions": "^3.22.0"
  },
  "devDependencies": {
    "firebase-functions-test": "^0.2.0"
  },
  "private": true
}
[debug] [2022-09-11T20:06:02.427Z] Building nodejs source
[debug] [2022-09-11T20:06:02.428Z] Analyzing nodejs backend spec
[debug] [2022-09-11T20:06:02.429Z] Could not find functions.yaml. Must use http discovery
[debug] [2022-09-11T20:06:03.311Z] Serving at port 9006

[debug] [2022-09-11T20:06:04.325Z] Got response from /__/functions.yaml {"endpoints":{"main":{"platform":"gcfv1","httpsTrigger":{},"entryPoint":"main"}},"specVersion":"v1alpha1","requiredAPIs":[]}
[debug] [2022-09-11T20:06:04.336Z] shutdown requested via /__/quitquitquit

[debug] [2022-09-11T20:06:06.324Z] Got response from /__/functions.yaml {"endpoints":{"main":{"platform":"gcfv1","httpsTrigger":{},"entryPoint":"main"}},"specVersion":"v1alpha1","requiredAPIs":[]}
[debug] [2022-09-11T20:06:06.332Z] shutdown requested via /__/quitquitquit

[debug] [2022-09-11T20:06:24.078Z] File C:\Users\ebarreto\Desktop\cariota.org.frontend\functions\src\controllers\IotaController.js changed, reloading triggers {"metadata":{"emulator":{"name":"functions"},"message":"File C:\\Users\\ebarreto\\Desktop\\cariota.org.frontend\\functions\\src\\controllers\\IotaController.js changed, reloading triggers"}}
[debug] [2022-09-11T20:06:25.082Z] Validating nodejs source
[warn] !  functions: package.json indicates an outdated version of firebase-functions. Please upgrade using npm install --save firebase-functions@latest in your functions directory. 
[debug] [2022-09-11T20:06:32.143Z] > [functions] package.json contents: {
  "name": "functions",
  "description": "Cloud Functions for Firebase",
  "scripts": {
    "serve": "firebase emulators:start --only functions",
    "shell": "firebase functions:shell",
    "start": "npm run shell",
    "deploy": "firebase deploy --only functions",
    "logs": "firebase functions:log"
  },
  "engines": {
    "node": "14"
  },
  "main": "./src/index.js",
  "dependencies": {
    "@iota/client": "^2.2.4",
    "axios": "^0.27.2",
    "cors": "^2.8.5",
    "express": "^4.18.1",
    "firebase-admin": "^10.0.2",
    "firebase-functions": "^3.22.0"
  },
  "devDependencies": {
    "firebase-functions-test": "^0.2.0"
  },
  "private": true
}
[debug] [2022-09-11T20:06:32.143Z] Building nodejs source
[debug] [2022-09-11T20:06:32.143Z] Analyzing nodejs backend spec
[debug] [2022-09-11T20:06:32.157Z] Could not find functions.yaml. Must use http discovery
[debug] [2022-09-11T20:06:32.803Z] Serving at port 9005

[debug] [2022-09-11T20:06:35.665Z] Got response from /__/functions.yaml {"endpoints":{"main":{"platform":"gcfv1","httpsTrigger":{},"entryPoint":"main"}},"specVersion":"v1alpha1","requiredAPIs":[]}
[debug] [2022-09-11T20:06:35.671Z] shutdown requested via /__/quitquitquit

[debug] [2022-09-11T20:07:21.058Z] File C:\Users\ebarreto\Desktop\cariota.org.frontend\functions\src\controllers\IotaController.js changed, reloading triggers {"metadata":{"emulator":{"name":"functions"},"message":"File C:\\Users\\ebarreto\\Desktop\\cariota.org.frontend\\functions\\src\\controllers\\IotaController.js changed, reloading triggers"}}
[debug] [2022-09-11T20:07:22.062Z] Validating nodejs source
[warn] !  functions: package.json indicates an outdated version of firebase-functions. Please upgrade using npm install --save firebase-functions@latest in your functions directory. 
[debug] [2022-09-11T20:07:28.159Z] > [functions] package.json contents: {
  "name": "functions",
  "description": "Cloud Functions for Firebase",
  "scripts": {
    "serve": "firebase emulators:start --only functions",
    "shell": "firebase functions:shell",
    "start": "npm run shell",
    "deploy": "firebase deploy --only functions",
    "logs": "firebase functions:log"
  },
  "engines": {
    "node": "14"
  },
  "main": "./src/index.js",
  "dependencies": {
    "@iota/client": "^2.2.4",
    "axios": "^0.27.2",
    "cors": "^2.8.5",
    "express": "^4.18.1",
    "firebase-admin": "^10.0.2",
    "firebase-functions": "^3.22.0"
  },
  "devDependencies": {
    "firebase-functions-test": "^0.2.0"
  },
  "private": true
}
[debug] [2022-09-11T20:07:28.159Z] Building nodejs source
[debug] [2022-09-11T20:07:28.159Z] Analyzing nodejs backend spec
[debug] [2022-09-11T20:07:28.160Z] Could not find functions.yaml. Must use http discovery
[debug] [2022-09-11T20:07:28.744Z] Serving at port 9005

[debug] [2022-09-11T20:07:31.355Z] Got response from /__/functions.yaml {"endpoints":{"main":{"platform":"gcfv1","httpsTrigger":{},"entryPoint":"main"}},"specVersion":"v1alpha1","requiredAPIs":[]}
[debug] [2022-09-11T20:07:31.361Z] shutdown requested via /__/quitquitquit

[debug] [2022-09-11T20:07:45.696Z] File C:\Users\ebarreto\Desktop\cariota.org.frontend\functions\src\controllers\IotaController.js changed, reloading triggers {"metadata":{"emulator":{"name":"functions"},"message":"File C:\\Users\\ebarreto\\Desktop\\cariota.org.frontend\\functions\\src\\controllers\\IotaController.js changed, reloading triggers"}}
[debug] [2022-09-11T20:07:46.698Z] Validating nodejs source
[warn] !  functions: package.json indicates an outdated version of firebase-functions. Please upgrade using npm install --save firebase-functions@latest in your functions directory. 
[debug] [2022-09-11T20:07:54.211Z] > [functions] package.json contents: {
  "name": "functions",
  "description": "Cloud Functions for Firebase",
  "scripts": {
    "serve": "firebase emulators:start --only functions",
    "shell": "firebase functions:shell",
    "start": "npm run shell",
    "deploy": "firebase deploy --only functions",
    "logs": "firebase functions:log"
  },
  "engines": {
    "node": "14"
  },
  "main": "./src/index.js",
  "dependencies": {
    "@iota/client": "^2.2.4",
    "axios": "^0.27.2",
    "cors": "^2.8.5",
    "express": "^4.18.1",
    "firebase-admin": "^10.0.2",
    "firebase-functions": "^3.22.0"
  },
  "devDependencies": {
    "firebase-functions-test": "^0.2.0"
  },
  "private": true
}
[debug] [2022-09-11T20:07:54.212Z] Building nodejs source
[debug] [2022-09-11T20:07:54.212Z] Analyzing nodejs backend spec
[debug] [2022-09-11T20:07:54.213Z] Could not find functions.yaml. Must use http discovery
[debug] [2022-09-11T20:07:54.863Z] Serving at port 9005

[debug] [2022-09-11T20:07:57.439Z] Got response from /__/functions.yaml {"endpoints":{"main":{"platform":"gcfv1","httpsTrigger":{},"entryPoint":"main"}},"specVersion":"v1alpha1","requiredAPIs":[]}
[debug] [2022-09-11T20:07:57.444Z] shutdown requested via /__/quitquitquit

[debug] [2022-09-11T20:07:57.801Z] File C:\Users\ebarreto\Desktop\cariota.org.frontend\functions\src\controllers\IotaController.js changed, reloading triggers {"metadata":{"emulator":{"name":"functions"},"message":"File C:\\Users\\ebarreto\\Desktop\\cariota.org.frontend\\functions\\src\\controllers\\IotaController.js changed, reloading triggers"}}
[debug] [2022-09-11T20:07:58.804Z] Validating nodejs source
[warn] !  functions: package.json indicates an outdated version of firebase-functions. Please upgrade using npm install --save firebase-functions@latest in your functions directory. 
[debug] [2022-09-11T20:08:05.160Z] > [functions] package.json contents: {
  "name": "functions",
  "description": "Cloud Functions for Firebase",
  "scripts": {
    "serve": "firebase emulators:start --only functions",
    "shell": "firebase functions:shell",
    "start": "npm run shell",
    "deploy": "firebase deploy --only functions",
    "logs": "firebase functions:log"
  },
  "engines": {
    "node": "14"
  },
  "main": "./src/index.js",
  "dependencies": {
    "@iota/client": "^2.2.4",
    "axios": "^0.27.2",
    "cors": "^2.8.5",
    "express": "^4.18.1",
    "firebase-admin": "^10.0.2",
    "firebase-functions": "^3.22.0"
  },
  "devDependencies": {
    "firebase-functions-test": "^0.2.0"
  },
  "private": true
}
[debug] [2022-09-11T20:08:05.160Z] Building nodejs source
[debug] [2022-09-11T20:08:05.160Z] Analyzing nodejs backend spec
[debug] [2022-09-11T20:08:05.161Z] Could not find functions.yaml. Must use http discovery
[debug] [2022-09-11T20:08:05.798Z] Serving at port 9005

[debug] [2022-09-11T20:08:08.456Z] Got response from /__/functions.yaml {"endpoints":{"main":{"platform":"gcfv1","httpsTrigger":{},"entryPoint":"main"}},"specVersion":"v1alpha1","requiredAPIs":[]}
[debug] [2022-09-11T20:08:08.464Z] shutdown requested via /__/quitquitquit

[debug] [2022-09-11T20:08:16.725Z] File C:\Users\ebarreto\Desktop\cariota.org.frontend\functions\src\controllers\IotaController.js changed, reloading triggers {"metadata":{"emulator":{"name":"functions"},"message":"File C:\\Users\\ebarreto\\Desktop\\cariota.org.frontend\\functions\\src\\controllers\\IotaController.js changed, reloading triggers"}}
[debug] [2022-09-11T20:08:17.728Z] Validating nodejs source
[warn] !  functions: package.json indicates an outdated version of firebase-functions. Please upgrade using npm install --save firebase-functions@latest in your functions directory. 
[debug] [2022-09-11T20:08:25.374Z] > [functions] package.json contents: {
  "name": "functions",
  "description": "Cloud Functions for Firebase",
  "scripts": {
    "serve": "firebase emulators:start --only functions",
    "shell": "firebase functions:shell",
    "start": "npm run shell",
    "deploy": "firebase deploy --only functions",
    "logs": "firebase functions:log"
  },
  "engines": {
    "node": "14"
  },
  "main": "./src/index.js",
  "dependencies": {
    "@iota/client": "^2.2.4",
    "axios": "^0.27.2",
    "cors": "^2.8.5",
    "express": "^4.18.1",
    "firebase-admin": "^10.0.2",
    "firebase-functions": "^3.22.0"
  },
  "devDependencies": {
    "firebase-functions-test": "^0.2.0"
  },
  "private": true
}
[debug] [2022-09-11T20:08:25.375Z] Building nodejs source
[debug] [2022-09-11T20:08:25.375Z] Analyzing nodejs backend spec
[debug] [2022-09-11T20:08:25.378Z] Could not find functions.yaml. Must use http discovery
[debug] [2022-09-11T20:08:25.428Z] File C:\Users\ebarreto\Desktop\cariota.org.frontend\functions\src\controllers\IotaController.js changed, reloading triggers {"metadata":{"emulator":{"name":"functions"},"message":"File C:\\Users\\ebarreto\\Desktop\\cariota.org.frontend\\functions\\src\\controllers\\IotaController.js changed, reloading triggers"}}
[debug] [2022-09-11T20:08:26.241Z] Serving at port 9005

[debug] [2022-09-11T20:08:26.430Z] Validating nodejs source
[warn] !  functions: package.json indicates an outdated version of firebase-functions. Please upgrade using npm install --save firebase-functions@latest in your functions directory. 
[debug] [2022-09-11T20:08:33.953Z] > [functions] package.json contents: {
  "name": "functions",
  "description": "Cloud Functions for Firebase",
  "scripts": {
    "serve": "firebase emulators:start --only functions",
    "shell": "firebase functions:shell",
    "start": "npm run shell",
    "deploy": "firebase deploy --only functions",
    "logs": "firebase functions:log"
  },
  "engines": {
    "node": "14"
  },
  "main": "./src/index.js",
  "dependencies": {
    "@iota/client": "^2.2.4",
    "axios": "^0.27.2",
    "cors": "^2.8.5",
    "express": "^4.18.1",
    "firebase-admin": "^10.0.2",
    "firebase-functions": "^3.22.0"
  },
  "devDependencies": {
    "firebase-functions-test": "^0.2.0"
  },
  "private": true
}
[debug] [2022-09-11T20:08:33.953Z] Building nodejs source
[debug] [2022-09-11T20:08:33.953Z] Analyzing nodejs backend spec
[debug] [2022-09-11T20:08:33.954Z] Could not find functions.yaml. Must use http discovery
[debug] [2022-09-11T20:08:34.005Z] File C:\Users\ebarreto\Desktop\cariota.org.frontend\functions\src\controllers\IotaController.js changed, reloading triggers {"metadata":{"emulator":{"name":"functions"},"message":"File C:\\Users\\ebarreto\\Desktop\\cariota.org.frontend\\functions\\src\\controllers\\IotaController.js changed, reloading triggers"}}
[debug] [2022-09-11T20:08:34.227Z] Got response from /__/functions.yaml Failed to generate manifest from function source: SyntaxError: Unexpected identifier
[debug] [2022-09-11T20:08:34.231Z] Failed to parse functions.yamlincomplete explicit mapping pair; a key node is missed; or followed by a non-tabulated empty line at line 1, column 62:
     ... rom function source: SyntaxError: Unexpected identifier
                                         ^ {"name":"YAMLException","reason":"incomplete explicit mapping pair; a key node is missed; or followed by a non-tabulated empty line","mark":{"name":null,"buffer":"Failed to generate manifest from function source: SyntaxError: Unexpected identifier\n\u0000","position":61,"line":0,"column":61},"message":"incomplete explicit mapping pair; a key node is missed; or followed by a non-tabulated empty line at line 1, column 62:\n     ... rom function source: SyntaxError: Unexpected identifier\n                                         ^"}
[debug] [2022-09-11T20:08:34.237Z] shutdown requested via /__/quitquitquit

[debug] [2022-09-11T20:08:34.424Z] File C:\Users\ebarreto\Desktop\cariota.org.frontend\functions\src\controllers\IotaController.js changed, reloading triggers {"metadata":{"emulator":{"name":"functions"},"message":"File C:\\Users\\ebarreto\\Desktop\\cariota.org.frontend\\functions\\src\\controllers\\IotaController.js changed, reloading triggers"}}
[debug] [2022-09-11T20:08:34.713Z] Serving at port 9006

[debug] [2022-09-11T20:08:35.427Z] Validating nodejs source
[warn] !  functions: package.json indicates an outdated version of firebase-functions. Please upgrade using npm install --save firebase-functions@latest in your functions directory. 
[debug] [2022-09-11T20:08:42.868Z] > [functions] package.json contents: {
  "name": "functions",
  "description": "Cloud Functions for Firebase",
  "scripts": {
    "serve": "firebase emulators:start --only functions",
    "shell": "firebase functions:shell",
    "start": "npm run shell",
    "deploy": "firebase deploy --only functions",
    "logs": "firebase functions:log"
  },
  "engines": {
    "node": "14"
  },
  "main": "./src/index.js",
  "dependencies": {
    "@iota/client": "^2.2.4",
    "axios": "^0.27.2",
    "cors": "^2.8.5",
    "express": "^4.18.1",
    "firebase-admin": "^10.0.2",
    "firebase-functions": "^3.22.0"
  },
  "devDependencies": {
    "firebase-functions-test": "^0.2.0"
  },
  "private": true
}
[debug] [2022-09-11T20:08:42.868Z] Building nodejs source
[debug] [2022-09-11T20:08:42.869Z] Analyzing nodejs backend spec
[debug] [2022-09-11T20:08:42.870Z] Could not find functions.yaml. Must use http discovery
[debug] [2022-09-11T20:08:42.944Z] File C:\Users\ebarreto\Desktop\cariota.org.frontend\functions\src\controllers\IotaController.js changed, reloading triggers {"metadata":{"emulator":{"name":"functions"},"message":"File C:\\Users\\ebarreto\\Desktop\\cariota.org.frontend\\functions\\src\\controllers\\IotaController.js changed, reloading triggers"}}
[debug] [2022-09-11T20:08:43.719Z] Serving at port 9005

[debug] [2022-09-11T20:08:43.947Z] Validating nodejs source
[warn] !  functions: package.json indicates an outdated version of firebase-functions. Please upgrade using npm install --save firebase-functions@latest in your functions directory. 
[debug] [2022-09-11T20:08:51.711Z] > [functions] package.json contents: {
  "name": "functions",
  "description": "Cloud Functions for Firebase",
  "scripts": {
    "serve": "firebase emulators:start --only functions",
    "shell": "firebase functions:shell",
    "start": "npm run shell",
    "deploy": "firebase deploy --only functions",
    "logs": "firebase functions:log"
  },
  "engines": {
    "node": "14"
  },
  "main": "./src/index.js",
  "dependencies": {
    "@iota/client": "^2.2.4",
    "axios": "^0.27.2",
    "cors": "^2.8.5",
    "express": "^4.18.1",
    "firebase-admin": "^10.0.2",
    "firebase-functions": "^3.22.0"
  },
  "devDependencies": {
    "firebase-functions-test": "^0.2.0"
  },
  "private": true
}
[debug] [2022-09-11T20:08:51.712Z] Building nodejs source
[debug] [2022-09-11T20:08:51.712Z] Analyzing nodejs backend spec
[debug] [2022-09-11T20:08:51.713Z] Got response from /__/functions.yaml {"endpoints":{"main":{"platform":"gcfv1","httpsTrigger":{},"entryPoint":"main"}},"specVersion":"v1alpha1","requiredAPIs":[]}
[debug] [2022-09-11T20:08:51.714Z] Could not find functions.yaml. Must use http discovery
[debug] [2022-09-11T20:08:51.796Z] shutdown requested via /__/quitquitquit

[debug] [2022-09-11T20:08:52.628Z] Serving at port 9007

[debug] [2022-09-11T20:08:53.437Z] Got response from /__/functions.yaml {"endpoints":{"main":{"platform":"gcfv1","httpsTrigger":{},"entryPoint":"main"}},"specVersion":"v1alpha1","requiredAPIs":[]}
[debug] [2022-09-11T20:08:53.446Z] shutdown requested via /__/quitquitquit

[debug] [2022-09-11T20:08:55.262Z] Got response from /__/functions.yaml {"endpoints":{"main":{"platform":"gcfv1","httpsTrigger":{},"entryPoint":"main"}},"specVersion":"v1alpha1","requiredAPIs":[]}
[debug] [2022-09-11T20:08:55.272Z] shutdown requested via /__/quitquitquit

[debug] [2022-09-11T20:10:48.570Z] File C:\Users\ebarreto\Desktop\cariota.org.frontend\functions\src\controllers\IotaController.js changed, reloading triggers {"metadata":{"emulator":{"name":"functions"},"message":"File C:\\Users\\ebarreto\\Desktop\\cariota.org.frontend\\functions\\src\\controllers\\IotaController.js changed, reloading triggers"}}
[debug] [2022-09-11T20:10:49.573Z] Validating nodejs source
[warn] !  functions: package.json indicates an outdated version of firebase-functions. Please upgrade using npm install --save firebase-functions@latest in your functions directory. 
[debug] [2022-09-11T20:10:57.358Z] > [functions] package.json contents: {
  "name": "functions",
  "description": "Cloud Functions for Firebase",
  "scripts": {
    "serve": "firebase emulators:start --only functions",
    "shell": "firebase functions:shell",
    "start": "npm run shell",
    "deploy": "firebase deploy --only functions",
    "logs": "firebase functions:log"
  },
  "engines": {
    "node": "14"
  },
  "main": "./src/index.js",
  "dependencies": {
    "@iota/client": "^2.2.4",
    "axios": "^0.27.2",
    "cors": "^2.8.5",
    "express": "^4.18.1",
    "firebase-admin": "^10.0.2",
    "firebase-functions": "^3.22.0"
  },
  "devDependencies": {
    "firebase-functions-test": "^0.2.0"
  },
  "private": true
}
[debug] [2022-09-11T20:10:57.358Z] Building nodejs source
[debug] [2022-09-11T20:10:57.358Z] Analyzing nodejs backend spec
[debug] [2022-09-11T20:10:57.360Z] Could not find functions.yaml. Must use http discovery
[debug] [2022-09-11T20:10:57.400Z] File C:\Users\ebarreto\Desktop\cariota.org.frontend\functions\src\controllers\IotaController.js changed, reloading triggers {"metadata":{"emulator":{"name":"functions"},"message":"File C:\\Users\\ebarreto\\Desktop\\cariota.org.frontend\\functions\\src\\controllers\\IotaController.js changed, reloading triggers"}}
[debug] [2022-09-11T20:10:58.072Z] Serving at port 9005

[debug] [2022-09-11T20:10:58.404Z] Validating nodejs source
[warn] !  functions: package.json indicates an outdated version of firebase-functions. Please upgrade using npm install --save firebase-functions@latest in your functions directory. 
[debug] [2022-09-11T20:11:06.104Z] > [functions] package.json contents: {
  "name": "functions",
  "description": "Cloud Functions for Firebase",
  "scripts": {
    "serve": "firebase emulators:start --only functions",
    "shell": "firebase functions:shell",
    "start": "npm run shell",
    "deploy": "firebase deploy --only functions",
    "logs": "firebase functions:log"
  },
  "engines": {
    "node": "14"
  },
  "main": "./src/index.js",
  "dependencies": {
    "@iota/client": "^2.2.4",
    "axios": "^0.27.2",
    "cors": "^2.8.5",
    "express": "^4.18.1",
    "firebase-admin": "^10.0.2",
    "firebase-functions": "^3.22.0"
  },
  "devDependencies": {
    "firebase-functions-test": "^0.2.0"
  },
  "private": true
}
[debug] [2022-09-11T20:11:06.104Z] Building nodejs source
[debug] [2022-09-11T20:11:06.104Z] Analyzing nodejs backend spec
[debug] [2022-09-11T20:11:06.106Z] Could not find functions.yaml. Must use http discovery
[debug] [2022-09-11T20:11:06.214Z] File C:\Users\ebarreto\Desktop\cariota.org.frontend\functions\src\controllers\IotaController.js changed, reloading triggers {"metadata":{"emulator":{"name":"functions"},"message":"File C:\\Users\\ebarreto\\Desktop\\cariota.org.frontend\\functions\\src\\controllers\\IotaController.js changed, reloading triggers"}}
[debug] [2022-09-11T20:11:06.810Z] Serving at port 9006

[debug] [2022-09-11T20:11:07.219Z] Validating nodejs source
[warn] !  functions: package.json indicates an outdated version of firebase-functions. Please upgrade using npm install --save firebase-functions@latest in your functions directory. 
[debug] [2022-09-11T20:11:14.237Z] > [functions] package.json contents: {
  "name": "functions",
  "description": "Cloud Functions for Firebase",
  "scripts": {
    "serve": "firebase emulators:start --only functions",
    "shell": "firebase functions:shell",
    "start": "npm run shell",
    "deploy": "firebase deploy --only functions",
    "logs": "firebase functions:log"
  },
  "engines": {
    "node": "14"
  },
  "main": "./src/index.js",
  "dependencies": {
    "@iota/client": "^2.2.4",
    "axios": "^0.27.2",
    "cors": "^2.8.5",
    "express": "^4.18.1",
    "firebase-admin": "^10.0.2",
    "firebase-functions": "^3.22.0"
  },
  "devDependencies": {
    "firebase-functions-test": "^0.2.0"
  },
  "private": true
}
[debug] [2022-09-11T20:11:14.237Z] Building nodejs source
[debug] [2022-09-11T20:11:14.237Z] Analyzing nodejs backend spec
[debug] [2022-09-11T20:11:14.238Z] Could not find functions.yaml. Must use http discovery
[debug] [2022-09-11T20:11:14.291Z] Got response from /__/functions.yaml {"endpoints":{"main":{"platform":"gcfv1","httpsTrigger":{},"entryPoint":"main"}},"specVersion":"v1alpha1","requiredAPIs":[]}
[debug] [2022-09-11T20:11:14.309Z] shutdown requested via /__/quitquitquit

[debug] [2022-09-11T20:11:14.996Z] Serving at port 9007

[debug] [2022-09-11T20:11:15.845Z] File C:\Users\ebarreto\Desktop\cariota.org.frontend\functions\src\controllers\IotaController.js changed, reloading triggers {"metadata":{"emulator":{"name":"functions"},"message":"File C:\\Users\\ebarreto\\Desktop\\cariota.org.frontend\\functions\\src\\controllers\\IotaController.js changed, reloading triggers"}}
[debug] [2022-09-11T20:11:16.101Z] Got response from /__/functions.yaml {"endpoints":{"main":{"platform":"gcfv1","httpsTrigger":{},"entryPoint":"main"}},"specVersion":"v1alpha1","requiredAPIs":[]}
[debug] [2022-09-11T20:11:16.106Z] shutdown requested via /__/quitquitquit

[debug] [2022-09-11T20:11:16.848Z] Validating nodejs source
[warn] !  functions: package.json indicates an outdated version of firebase-functions. Please upgrade using npm install --save firebase-functions@latest in your functions directory. 
[debug] [2022-09-11T20:11:23.870Z] > [functions] package.json contents: {
  "name": "functions",
  "description": "Cloud Functions for Firebase",
  "scripts": {
    "serve": "firebase emulators:start --only functions",
    "shell": "firebase functions:shell",
    "start": "npm run shell",
    "deploy": "firebase deploy --only functions",
    "logs": "firebase functions:log"
  },
  "engines": {
    "node": "14"
  },
  "main": "./src/index.js",
  "dependencies": {
    "@iota/client": "^2.2.4",
    "axios": "^0.27.2",
    "cors": "^2.8.5",
    "express": "^4.18.1",
    "firebase-admin": "^10.0.2",
    "firebase-functions": "^3.22.0"
  },
  "devDependencies": {
    "firebase-functions-test": "^0.2.0"
  },
  "private": true
}
[debug] [2022-09-11T20:11:23.871Z] Building nodejs source
[debug] [2022-09-11T20:11:23.871Z] Analyzing nodejs backend spec
[debug] [2022-09-11T20:11:23.872Z] Got response from /__/functions.yaml {"endpoints":{"main":{"platform":"gcfv1","httpsTrigger":{},"entryPoint":"main"}},"specVersion":"v1alpha1","requiredAPIs":[]}
[debug] [2022-09-11T20:11:23.873Z] Could not find functions.yaml. Must use http discovery
[debug] [2022-09-11T20:11:23.937Z] shutdown requested via /__/quitquitquit

[debug] [2022-09-11T20:11:24.706Z] Serving at port 9005

[debug] [2022-09-11T20:11:27.233Z] Got response from /__/functions.yaml {"endpoints":{"main":{"platform":"gcfv1","httpsTrigger":{},"entryPoint":"main"}},"specVersion":"v1alpha1","requiredAPIs":[]}
[debug] [2022-09-11T20:11:27.237Z] shutdown requested via /__/quitquitquit

